Reading netlist file: "C:\Users\haogang\Desktop\usb30_uvc\prj\impl\gwsynthesis\prj.vg"
Parsing netlist file "C:\Users\haogang\Desktop\usb30_uvc\prj\impl\gwsynthesis\prj.vg" completed
Processing netlist completed
Reading constraint file: "C:\Users\haogang\Desktop\usb30_uvc\prj\src\top.cst"
Physical Constraint parsed completed
Running placement......
[10%] Placement Phase 0 completed
[20%] Placement Phase 1 completed
[30%] Placement Phase 2 completed
[50%] Placement Phase 3 completed
Running routing......
[60%] Routing Phase 0 completed
[70%] Routing Phase 1 completed
[80%] Routing Phase 2 completed
WARN  (PR1014) : Generic routing resource will be used to clock signal 'sys_clk_d' by the specified constraint. And then it may lead to the excessive delay or skew
[90%] Routing Phase 3 completed
Running timing analysis......
[95%] Timing analysis completed
Placement and routing completed
Bitstream generation in progress......
Bitstream generation completed
Generate file "C:\Users\haogang\Desktop\usb30_uvc\prj\impl\pnr\prj.pin.html" completed
Generate file "C:\Users\haogang\Desktop\usb30_uvc\prj\impl\pnr\prj.rpt.html" completed
Generate file "C:\Users\haogang\Desktop\usb30_uvc\prj\impl\pnr\prj.rpt.txt" completed
Generate file "C:\Users\haogang\Desktop\usb30_uvc\prj\impl\pnr\prj.tr.html" completed
Tue Aug  6 09:56:48 2024

