GowinSynthesis start
Running parser ...
Analyzing Verilog file 'C:\Users\haogang\Desktop\usb30_uvc\prj\src\cam_fifo\cam_fifo.v'
Analyzing Verilog file 'C:\Users\haogang\Desktop\usb30_uvc\prj\src\ddr3_memory_interface\ddr3_memory_interface.v'
Analyzing Verilog file 'C:\Users\haogang\Desktop\usb30_uvc\prj\src\ddr_rd_fifo\ddr_rd_fifo.v'
Analyzing Verilog file 'C:\Users\haogang\Desktop\usb30_uvc\prj\src\ddr_wr_fifo\ddr_wr_fifo.v'
Analyzing Verilog file 'C:\Users\haogang\Desktop\usb30_uvc\prj\src\gowin_pll\gowin_pll.v'
Analyzing Verilog file 'C:\Users\haogang\Desktop\usb30_uvc\prj\src\payload_fifo\payload_fifo.v'
Analyzing Verilog file 'C:\Users\haogang\Desktop\usb30_uvc\prj\src\top.v'
Analyzing included file 'C:\Users\haogang\Desktop\usb30_uvc\prj\src\.\usb30_user_layer\UserEndpt_define.v'("C:\Users\haogang\Desktop\usb30_uvc\prj\src\top.v":1)
Back to file 'C:\Users\haogang\Desktop\usb30_uvc\prj\src\top.v'("C:\Users\haogang\Desktop\usb30_uvc\prj\src\top.v":1)
Undeclared symbol 'phy_phy_status', assumed default net type 'wire'("C:\Users\haogang\Desktop\usb30_uvc\prj\src\top.v":480)
Analyzing Verilog file 'C:\Users\haogang\Desktop\usb30_uvc\prj\src\usb30_device_controller\USB30_Device_Controller_Top.v'
Analyzing included file 'C:\Users\haogang\Desktop\usb30_uvc\prj\src\usb30_device_controller\usb3_macro_define.v'("C:\Users\haogang\Desktop\usb30_uvc\prj\src\usb30_device_controller\USB30_Device_Controller_Top.v":1)
Back to file 'C:\Users\haogang\Desktop\usb30_uvc\prj\src\usb30_device_controller\USB30_Device_Controller_Top.v'("C:\Users\haogang\Desktop\usb30_uvc\prj\src\usb30_device_controller\USB30_Device_Controller_Top.v":1)
Analyzing Verilog file 'C:\Users\haogang\Desktop\usb30_uvc\prj\src\usb30_device_controller\usb30_device_controller.v'
Analyzing included file 'C:\Users\haogang\Desktop\usb30_uvc\prj\src\usb30_device_controller\usb3_macro_define.v'("C:\Users\haogang\Desktop\usb30_uvc\prj\src\usb30_device_controller\usb30_device_controller.v":1)
Back to file 'C:\Users\haogang\Desktop\usb30_uvc\prj\src\usb30_device_controller\usb30_device_controller.v'("C:\Users\haogang\Desktop\usb30_uvc\prj\src\usb30_device_controller\usb30_device_controller.v":1)
Undeclared symbol 'phy_pipe_half_clk', assumed default net type 'wire'("C:\Users\haogang\Desktop\usb30_uvc\prj\src\usb30_device_controller\usb30_device_controller.v":351)
Undeclared symbol 'phy_pipe_half_clk_phase', assumed default net type 'wire'("C:\Users\haogang\Desktop\usb30_uvc\prj\src\usb30_device_controller\usb30_device_controller.v":352)
Undeclared symbol 'phy_pipe_quarter_clk', assumed default net type 'wire'("C:\Users\haogang\Desktop\usb30_uvc\prj\src\usb30_device_controller\usb30_device_controller.v":353)
Undeclared symbol 'ext_clk', assumed default net type 'wire'("C:\Users\haogang\Desktop\usb30_uvc\prj\src\usb30_device_controller\usb30_device_controller.v":354)
Undeclared symbol 'phy_out_enable', assumed default net type 'wire'("C:\Users\haogang\Desktop\usb30_uvc\prj\src\usb30_device_controller\usb30_device_controller.v":518)
Undeclared symbol 'phy_phy_status_o', assumed default net type 'wire'("C:\Users\haogang\Desktop\usb30_uvc\prj\src\usb30_device_controller\usb30_device_controller.v":530)
Undeclared symbol 'prot_buf_out_rden', assumed default net type 'wire'("C:\Users\haogang\Desktop\usb30_uvc\prj\src\usb30_device_controller\usb30_device_controller.v":815)
Analyzing Verilog file 'C:\Users\haogang\Desktop\usb30_uvc\prj\src\usb30_device_controller\usb3_TxHp.v'
Analyzing included file 'C:\Users\haogang\Desktop\usb30_uvc\prj\src\usb30_device_controller\usb3_macro_define.v'("C:\Users\haogang\Desktop\usb30_uvc\prj\src\usb30_device_controller\usb3_TxHp.v":1)
Back to file 'C:\Users\haogang\Desktop\usb30_uvc\prj\src\usb30_device_controller\usb3_TxHp.v'("C:\Users\haogang\Desktop\usb30_uvc\prj\src\usb30_device_controller\usb3_TxHp.v":1)
Analyzing Verilog file 'C:\Users\haogang\Desktop\usb30_uvc\prj\src\usb30_device_controller\usb3_TxLcmd.v'
Analyzing included file 'C:\Users\haogang\Desktop\usb30_uvc\prj\src\usb30_device_controller\usb3_macro_define.v'("C:\Users\haogang\Desktop\usb30_uvc\prj\src\usb30_device_controller\usb3_TxLcmd.v":1)
Back to file 'C:\Users\haogang\Desktop\usb30_uvc\prj\src\usb30_device_controller\usb3_TxLcmd.v'("C:\Users\haogang\Desktop\usb30_uvc\prj\src\usb30_device_controller\usb3_TxLcmd.v":1)
Analyzing Verilog file 'C:\Users\haogang\Desktop\usb30_uvc\prj\src\usb30_device_controller\usb3_const.vh'
WARN  (EX3209) : Root scope declaration is not allowed in Verilog 2001 mode("C:\Users\haogang\Desktop\usb30_uvc\prj\src\usb30_device_controller\usb3_const.vh":31)
WARN  (EX3209) : Root scope declaration is not allowed in Verilog 2001 mode("C:\Users\haogang\Desktop\usb30_uvc\prj\src\usb30_device_controller\usb3_const.vh":42)
WARN  (EX3209) : Root scope declaration is not allowed in Verilog 2001 mode("C:\Users\haogang\Desktop\usb30_uvc\prj\src\usb30_device_controller\usb3_const.vh":48)
WARN  (EX3209) : Root scope declaration is not allowed in Verilog 2001 mode("C:\Users\haogang\Desktop\usb30_uvc\prj\src\usb30_device_controller\usb3_const.vh":49)
WARN  (EX3209) : Root scope declaration is not allowed in Verilog 2001 mode("C:\Users\haogang\Desktop\usb30_uvc\prj\src\usb30_device_controller\usb3_const.vh":50)
WARN  (EX3209) : Root scope declaration is not allowed in Verilog 2001 mode("C:\Users\haogang\Desktop\usb30_uvc\prj\src\usb30_device_controller\usb3_const.vh":51)
WARN  (EX3209) : Root scope declaration is not allowed in Verilog 2001 mode("C:\Users\haogang\Desktop\usb30_uvc\prj\src\usb30_device_controller\usb3_const.vh":52)
WARN  (EX3209) : Root scope declaration is not allowed in Verilog 2001 mode("C:\Users\haogang\Desktop\usb30_uvc\prj\src\usb30_device_controller\usb3_const.vh":53)
WARN  (EX3209) : Root scope declaration is not allowed in Verilog 2001 mode("C:\Users\haogang\Desktop\usb30_uvc\prj\src\usb30_device_controller\usb3_const.vh":54)
WARN  (EX3209) : Root scope declaration is not allowed in Verilog 2001 mode("C:\Users\haogang\Desktop\usb30_uvc\prj\src\usb30_device_controller\usb3_const.vh":55)
WARN  (EX3209) : Root scope declaration is not allowed in Verilog 2001 mode("C:\Users\haogang\Desktop\usb30_uvc\prj\src\usb30_device_controller\usb3_const.vh":56)
WARN  (EX3209) : Root scope declaration is not allowed in Verilog 2001 mode("C:\Users\haogang\Desktop\usb30_uvc\prj\src\usb30_device_controller\usb3_const.vh":57)
WARN  (EX3209) : Root scope declaration is not allowed in Verilog 2001 mode("C:\Users\haogang\Desktop\usb30_uvc\prj\src\usb30_device_controller\usb3_const.vh":58)
WARN  (EX3209) : Root scope declaration is not allowed in Verilog 2001 mode("C:\Users\haogang\Desktop\usb30_uvc\prj\src\usb30_device_controller\usb3_const.vh":59)
WARN  (EX3209) : Root scope declaration is not allowed in Verilog 2001 mode("C:\Users\haogang\Desktop\usb30_uvc\prj\src\usb30_device_controller\usb3_const.vh":60)
WARN  (EX3209) : Root scope declaration is not allowed in Verilog 2001 mode("C:\Users\haogang\Desktop\usb30_uvc\prj\src\usb30_device_controller\usb3_const.vh":61)
WARN  (EX3209) : Root scope declaration is not allowed in Verilog 2001 mode("C:\Users\haogang\Desktop\usb30_uvc\prj\src\usb30_device_controller\usb3_const.vh":62)
WARN  (EX3209) : Root scope declaration is not allowed in Verilog 2001 mode("C:\Users\haogang\Desktop\usb30_uvc\prj\src\usb30_device_controller\usb3_const.vh":63)
WARN  (EX3209) : Root scope declaration is not allowed in Verilog 2001 mode("C:\Users\haogang\Desktop\usb30_uvc\prj\src\usb30_device_controller\usb3_const.vh":64)
WARN  (EX3209) : Root scope declaration is not allowed in Verilog 2001 mode("C:\Users\haogang\Desktop\usb30_uvc\prj\src\usb30_device_controller\usb3_const.vh":65)
WARN  (EX3209) : Root scope declaration is not allowed in Verilog 2001 mode("C:\Users\haogang\Desktop\usb30_uvc\prj\src\usb30_device_controller\usb3_const.vh":66)
WARN  (EX3209) : Root scope declaration is not allowed in Verilog 2001 mode("C:\Users\haogang\Desktop\usb30_uvc\prj\src\usb30_device_controller\usb3_const.vh":68)
WARN  (EX3209) : Root scope declaration is not allowed in Verilog 2001 mode("C:\Users\haogang\Desktop\usb30_uvc\prj\src\usb30_device_controller\usb3_const.vh":69)
WARN  (EX3209) : Root scope declaration is not allowed in Verilog 2001 mode("C:\Users\haogang\Desktop\usb30_uvc\prj\src\usb30_device_controller\usb3_const.vh":70)
WARN  (EX3209) : Root scope declaration is not allowed in Verilog 2001 mode("C:\Users\haogang\Desktop\usb30_uvc\prj\src\usb30_device_controller\usb3_const.vh":71)
WARN  (EX3209) : Root scope declaration is not allowed in Verilog 2001 mode("C:\Users\haogang\Desktop\usb30_uvc\prj\src\usb30_device_controller\usb3_const.vh":72)
WARN  (EX3209) : Root scope declaration is not allowed in Verilog 2001 mode("C:\Users\haogang\Desktop\usb30_uvc\prj\src\usb30_device_controller\usb3_const.vh":73)
WARN  (EX3209) : Root scope declaration is not allowed in Verilog 2001 mode("C:\Users\haogang\Desktop\usb30_uvc\prj\src\usb30_device_controller\usb3_const.vh":75)
WARN  (EX3209) : Root scope declaration is not allowed in Verilog 2001 mode("C:\Users\haogang\Desktop\usb30_uvc\prj\src\usb30_device_controller\usb3_const.vh":77)
WARN  (EX3209) : Root scope declaration is not allowed in Verilog 2001 mode("C:\Users\haogang\Desktop\usb30_uvc\prj\src\usb30_device_controller\usb3_const.vh":78)
WARN  (EX3209) : Root scope declaration is not allowed in Verilog 2001 mode("C:\Users\haogang\Desktop\usb30_uvc\prj\src\usb30_device_controller\usb3_const.vh":79)
WARN  (EX3209) : Root scope declaration is not allowed in Verilog 2001 mode("C:\Users\haogang\Desktop\usb30_uvc\prj\src\usb30_device_controller\usb3_const.vh":80)
WARN  (EX3209) : Root scope declaration is not allowed in Verilog 2001 mode("C:\Users\haogang\Desktop\usb30_uvc\prj\src\usb30_device_controller\usb3_const.vh":81)
WARN  (EX3209) : Root scope declaration is not allowed in Verilog 2001 mode("C:\Users\haogang\Desktop\usb30_uvc\prj\src\usb30_device_controller\usb3_const.vh":83)
WARN  (EX3209) : Root scope declaration is not allowed in Verilog 2001 mode("C:\Users\haogang\Desktop\usb30_uvc\prj\src\usb30_device_controller\usb3_const.vh":84)
WARN  (EX3209) : Root scope declaration is not allowed in Verilog 2001 mode("C:\Users\haogang\Desktop\usb30_uvc\prj\src\usb30_device_controller\usb3_const.vh":85)
WARN  (EX3209) : Root scope declaration is not allowed in Verilog 2001 mode("C:\Users\haogang\Desktop\usb30_uvc\prj\src\usb30_device_controller\usb3_const.vh":86)
WARN  (EX3209) : Root scope declaration is not allowed in Verilog 2001 mode("C:\Users\haogang\Desktop\usb30_uvc\prj\src\usb30_device_controller\usb3_const.vh":87)
WARN  (EX3209) : Root scope declaration is not allowed in Verilog 2001 mode("C:\Users\haogang\Desktop\usb30_uvc\prj\src\usb30_device_controller\usb3_const.vh":88)
WARN  (EX3209) : Root scope declaration is not allowed in Verilog 2001 mode("C:\Users\haogang\Desktop\usb30_uvc\prj\src\usb30_device_controller\usb3_const.vh":89)
WARN  (EX3209) : Root scope declaration is not allowed in Verilog 2001 mode("C:\Users\haogang\Desktop\usb30_uvc\prj\src\usb30_device_controller\usb3_const.vh":90)
WARN  (EX3209) : Root scope declaration is not allowed in Verilog 2001 mode("C:\Users\haogang\Desktop\usb30_uvc\prj\src\usb30_device_controller\usb3_const.vh":91)
WARN  (EX3209) : Root scope declaration is not allowed in Verilog 2001 mode("C:\Users\haogang\Desktop\usb30_uvc\prj\src\usb30_device_controller\usb3_const.vh":92)
WARN  (EX3209) : Root scope declaration is not allowed in Verilog 2001 mode("C:\Users\haogang\Desktop\usb30_uvc\prj\src\usb30_device_controller\usb3_const.vh":93)
WARN  (EX3209) : Root scope declaration is not allowed in Verilog 2001 mode("C:\Users\haogang\Desktop\usb30_uvc\prj\src\usb30_device_controller\usb3_const.vh":94)
WARN  (EX3209) : Root scope declaration is not allowed in Verilog 2001 mode("C:\Users\haogang\Desktop\usb30_uvc\prj\src\usb30_device_controller\usb3_const.vh":95)
WARN  (EX3209) : Root scope declaration is not allowed in Verilog 2001 mode("C:\Users\haogang\Desktop\usb30_uvc\prj\src\usb30_device_controller\usb3_const.vh":96)
WARN  (EX3209) : Root scope declaration is not allowed in Verilog 2001 mode("C:\Users\haogang\Desktop\usb30_uvc\prj\src\usb30_device_controller\usb3_const.vh":97)
WARN  (EX3209) : Root scope declaration is not allowed in Verilog 2001 mode("C:\Users\haogang\Desktop\usb30_uvc\prj\src\usb30_device_controller\usb3_const.vh":99)
WARN  (EX3209) : Root scope declaration is not allowed in Verilog 2001 mode("C:\Users\haogang\Desktop\usb30_uvc\prj\src\usb30_device_controller\usb3_const.vh":100)
WARN  (EX3209) : Root scope declaration is not allowed in Verilog 2001 mode("C:\Users\haogang\Desktop\usb30_uvc\prj\src\usb30_device_controller\usb3_const.vh":101)
WARN  (EX3209) : Root scope declaration is not allowed in Verilog 2001 mode("C:\Users\haogang\Desktop\usb30_uvc\prj\src\usb30_device_controller\usb3_const.vh":103)
WARN  (EX3209) : Root scope declaration is not allowed in Verilog 2001 mode("C:\Users\haogang\Desktop\usb30_uvc\prj\src\usb30_device_controller\usb3_const.vh":108)
WARN  (EX3209) : Root scope declaration is not allowed in Verilog 2001 mode("C:\Users\haogang\Desktop\usb30_uvc\prj\src\usb30_device_controller\usb3_const.vh":110)
WARN  (EX3209) : Root scope declaration is not allowed in Verilog 2001 mode("C:\Users\haogang\Desktop\usb30_uvc\prj\src\usb30_device_controller\usb3_const.vh":112)
WARN  (EX3209) : Root scope declaration is not allowed in Verilog 2001 mode("C:\Users\haogang\Desktop\usb30_uvc\prj\src\usb30_device_controller\usb3_const.vh":117)
WARN  (EX3209) : Root scope declaration is not allowed in Verilog 2001 mode("C:\Users\haogang\Desktop\usb30_uvc\prj\src\usb30_device_controller\usb3_const.vh":121)
WARN  (EX3209) : Root scope declaration is not allowed in Verilog 2001 mode("C:\Users\haogang\Desktop\usb30_uvc\prj\src\usb30_device_controller\usb3_const.vh":135)
WARN  (EX3209) : Root scope declaration is not allowed in Verilog 2001 mode("C:\Users\haogang\Desktop\usb30_uvc\prj\src\usb30_device_controller\usb3_const.vh":141)
WARN  (EX3209) : Root scope declaration is not allowed in Verilog 2001 mode("C:\Users\haogang\Desktop\usb30_uvc\prj\src\usb30_device_controller\usb3_const.vh":144)
WARN  (EX3209) : Root scope declaration is not allowed in Verilog 2001 mode("C:\Users\haogang\Desktop\usb30_uvc\prj\src\usb30_device_controller\usb3_const.vh":149)
WARN  (EX3209) : Root scope declaration is not allowed in Verilog 2001 mode("C:\Users\haogang\Desktop\usb30_uvc\prj\src\usb30_device_controller\usb3_const.vh":153)
WARN  (EX3209) : Root scope declaration is not allowed in Verilog 2001 mode("C:\Users\haogang\Desktop\usb30_uvc\prj\src\usb30_device_controller\usb3_const.vh":156)
WARN  (EX3209) : Root scope declaration is not allowed in Verilog 2001 mode("C:\Users\haogang\Desktop\usb30_uvc\prj\src\usb30_device_controller\usb3_const.vh":161)
WARN  (EX3209) : Root scope declaration is not allowed in Verilog 2001 mode("C:\Users\haogang\Desktop\usb30_uvc\prj\src\usb30_device_controller\usb3_const.vh":169)
WARN  (EX3209) : Root scope declaration is not allowed in Verilog 2001 mode("C:\Users\haogang\Desktop\usb30_uvc\prj\src\usb30_device_controller\usb3_const.vh":171)
WARN  (EX3209) : Root scope declaration is not allowed in Verilog 2001 mode("C:\Users\haogang\Desktop\usb30_uvc\prj\src\usb30_device_controller\usb3_const.vh":172)
WARN  (EX3209) : Root scope declaration is not allowed in Verilog 2001 mode("C:\Users\haogang\Desktop\usb30_uvc\prj\src\usb30_device_controller\usb3_const.vh":173)
WARN  (EX3209) : Root scope declaration is not allowed in Verilog 2001 mode("C:\Users\haogang\Desktop\usb30_uvc\prj\src\usb30_device_controller\usb3_const.vh":174)
WARN  (EX3209) : Root scope declaration is not allowed in Verilog 2001 mode("C:\Users\haogang\Desktop\usb30_uvc\prj\src\usb30_device_controller\usb3_const.vh":175)
WARN  (EX3209) : Root scope declaration is not allowed in Verilog 2001 mode("C:\Users\haogang\Desktop\usb30_uvc\prj\src\usb30_device_controller\usb3_const.vh":176)
WARN  (EX3209) : Root scope declaration is not allowed in Verilog 2001 mode("C:\Users\haogang\Desktop\usb30_uvc\prj\src\usb30_device_controller\usb3_const.vh":177)
WARN  (EX3209) : Root scope declaration is not allowed in Verilog 2001 mode("C:\Users\haogang\Desktop\usb30_uvc\prj\src\usb30_device_controller\usb3_const.vh":178)
WARN  (EX3209) : Root scope declaration is not allowed in Verilog 2001 mode("C:\Users\haogang\Desktop\usb30_uvc\prj\src\usb30_device_controller\usb3_const.vh":179)
WARN  (EX3209) : Root scope declaration is not allowed in Verilog 2001 mode("C:\Users\haogang\Desktop\usb30_uvc\prj\src\usb30_device_controller\usb3_const.vh":189)
WARN  (EX3209) : Root scope declaration is not allowed in Verilog 2001 mode("C:\Users\haogang\Desktop\usb30_uvc\prj\src\usb30_device_controller\usb3_const.vh":191)
WARN  (EX3209) : Root scope declaration is not allowed in Verilog 2001 mode("C:\Users\haogang\Desktop\usb30_uvc\prj\src\usb30_device_controller\usb3_const.vh":193)
WARN  (EX3209) : Root scope declaration is not allowed in Verilog 2001 mode("C:\Users\haogang\Desktop\usb30_uvc\prj\src\usb30_device_controller\usb3_const.vh":195)
WARN  (EX3209) : Root scope declaration is not allowed in Verilog 2001 mode("C:\Users\haogang\Desktop\usb30_uvc\prj\src\usb30_device_controller\usb3_const.vh":196)
WARN  (EX3209) : Root scope declaration is not allowed in Verilog 2001 mode("C:\Users\haogang\Desktop\usb30_uvc\prj\src\usb30_device_controller\usb3_const.vh":201)
WARN  (EX3209) : Root scope declaration is not allowed in Verilog 2001 mode("C:\Users\haogang\Desktop\usb30_uvc\prj\src\usb30_device_controller\usb3_const.vh":203)
WARN  (EX3209) : Root scope declaration is not allowed in Verilog 2001 mode("C:\Users\haogang\Desktop\usb30_uvc\prj\src\usb30_device_controller\usb3_const.vh":205)
WARN  (EX3209) : Root scope declaration is not allowed in Verilog 2001 mode("C:\Users\haogang\Desktop\usb30_uvc\prj\src\usb30_device_controller\usb3_const.vh":208)
WARN  (EX3209) : Root scope declaration is not allowed in Verilog 2001 mode("C:\Users\haogang\Desktop\usb30_uvc\prj\src\usb30_device_controller\usb3_const.vh":209)
WARN  (EX3209) : Root scope declaration is not allowed in Verilog 2001 mode("C:\Users\haogang\Desktop\usb30_uvc\prj\src\usb30_device_controller\usb3_const.vh":214)
WARN  (EX3209) : Root scope declaration is not allowed in Verilog 2001 mode("C:\Users\haogang\Desktop\usb30_uvc\prj\src\usb30_device_controller\usb3_const.vh":217)
WARN  (EX3209) : Root scope declaration is not allowed in Verilog 2001 mode("C:\Users\haogang\Desktop\usb30_uvc\prj\src\usb30_device_controller\usb3_const.vh":222)
WARN  (EX3209) : Root scope declaration is not allowed in Verilog 2001 mode("C:\Users\haogang\Desktop\usb30_uvc\prj\src\usb30_device_controller\usb3_const.vh":227)
Analyzing Verilog file 'C:\Users\haogang\Desktop\usb30_uvc\prj\src\usb30_device_controller\usb3_crc.v'
Analyzing included file 'C:\Users\haogang\Desktop\usb30_uvc\prj\src\usb30_device_controller\usb3_macro_define.v'("C:\Users\haogang\Desktop\usb30_uvc\prj\src\usb30_device_controller\usb3_crc.v":1)
Back to file 'C:\Users\haogang\Desktop\usb30_uvc\prj\src\usb30_device_controller\usb3_crc.v'("C:\Users\haogang\Desktop\usb30_uvc\prj\src\usb30_device_controller\usb3_crc.v":1)
Analyzing Verilog file 'C:\Users\haogang\Desktop\usb30_uvc\prj\src\usb30_device_controller\usb3_descramble.v'
Analyzing included file 'C:\Users\haogang\Desktop\usb30_uvc\prj\src\usb30_device_controller\usb3_macro_define.v'("C:\Users\haogang\Desktop\usb30_uvc\prj\src\usb30_device_controller\usb3_descramble.v":1)
Back to file 'C:\Users\haogang\Desktop\usb30_uvc\prj\src\usb30_device_controller\usb3_descramble.v'("C:\Users\haogang\Desktop\usb30_uvc\prj\src\usb30_device_controller\usb3_descramble.v":1)
Analyzing included file 'C:\Users\haogang\Desktop\usb30_uvc\prj\src\usb30_device_controller\usb3_const.vh'("C:\Users\haogang\Desktop\usb30_uvc\prj\src\usb30_device_controller\usb3_descramble.v":30)
Back to file 'C:\Users\haogang\Desktop\usb30_uvc\prj\src\usb30_device_controller\usb3_descramble.v'("C:\Users\haogang\Desktop\usb30_uvc\prj\src\usb30_device_controller\usb3_descramble.v":30)
Analyzing Verilog file 'C:\Users\haogang\Desktop\usb30_uvc\prj\src\usb30_device_controller\usb3_ep.v'
Analyzing included file 'C:\Users\haogang\Desktop\usb30_uvc\prj\src\usb30_device_controller\usb3_macro_define.v'("C:\Users\haogang\Desktop\usb30_uvc\prj\src\usb30_device_controller\usb3_ep.v":1)
Back to file 'C:\Users\haogang\Desktop\usb30_uvc\prj\src\usb30_device_controller\usb3_ep.v'("C:\Users\haogang\Desktop\usb30_uvc\prj\src\usb30_device_controller\usb3_ep.v":1)
Analyzing Verilog file 'C:\Users\haogang\Desktop\usb30_uvc\prj\src\usb30_device_controller\usb3_ep0.v'
Analyzing included file 'C:\Users\haogang\Desktop\usb30_uvc\prj\src\usb30_device_controller\usb3_macro_define.v'("C:\Users\haogang\Desktop\usb30_uvc\prj\src\usb30_device_controller\usb3_ep0.v":1)
Back to file 'C:\Users\haogang\Desktop\usb30_uvc\prj\src\usb30_device_controller\usb3_ep0.v'("C:\Users\haogang\Desktop\usb30_uvc\prj\src\usb30_device_controller\usb3_ep0.v":1)
Analyzing included file 'C:\Users\haogang\Desktop\usb30_uvc\prj\src\usb30_device_controller\usb3_const.vh'("C:\Users\haogang\Desktop\usb30_uvc\prj\src\usb30_device_controller\usb3_ep0.v":73)
Back to file 'C:\Users\haogang\Desktop\usb30_uvc\prj\src\usb30_device_controller\usb3_ep0.v'("C:\Users\haogang\Desktop\usb30_uvc\prj\src\usb30_device_controller\usb3_ep0.v":73)
Undeclared symbol 'buf_in_nump', assumed default net type 'wire'("C:\Users\haogang\Desktop\usb30_uvc\prj\src\usb30_device_controller\usb3_ep0.v":510)
Undeclared symbol 'ep0_in_buf_out_arm', assumed default net type 'wire'("C:\Users\haogang\Desktop\usb30_uvc\prj\src\usb30_device_controller\usb3_ep0.v":518)
Undeclared symbol 'ep0_in_buf_out_rden', assumed default net type 'wire'("C:\Users\haogang\Desktop\usb30_uvc\prj\src\usb30_device_controller\usb3_ep0.v":519)
Analyzing Verilog file 'C:\Users\haogang\Desktop\usb30_uvc\prj\src\usb30_device_controller\usb3_ep0in_ram.v'
Analyzing included file 'C:\Users\haogang\Desktop\usb30_uvc\prj\src\usb30_device_controller\usb3_macro_define.v'("C:\Users\haogang\Desktop\usb30_uvc\prj\src\usb30_device_controller\usb3_ep0in_ram.v":1)
Back to file 'C:\Users\haogang\Desktop\usb30_uvc\prj\src\usb30_device_controller\usb3_ep0in_ram.v'("C:\Users\haogang\Desktop\usb30_uvc\prj\src\usb30_device_controller\usb3_ep0in_ram.v":1)
Analyzing Verilog file 'C:\Users\haogang\Desktop\usb30_uvc\prj\src\usb30_device_controller\usb3_lfsr.v'
Analyzing included file 'C:\Users\haogang\Desktop\usb30_uvc\prj\src\usb30_device_controller\usb3_macro_define.v'("C:\Users\haogang\Desktop\usb30_uvc\prj\src\usb30_device_controller\usb3_lfsr.v":1)
Back to file 'C:\Users\haogang\Desktop\usb30_uvc\prj\src\usb30_device_controller\usb3_lfsr.v'("C:\Users\haogang\Desktop\usb30_uvc\prj\src\usb30_device_controller\usb3_lfsr.v":1)
Analyzing Verilog file 'C:\Users\haogang\Desktop\usb30_uvc\prj\src\usb30_device_controller\usb3_link.v'
Analyzing included file 'C:\Users\haogang\Desktop\usb30_uvc\prj\src\usb30_device_controller\usb3_macro_define.v'("C:\Users\haogang\Desktop\usb30_uvc\prj\src\usb30_device_controller\usb3_link.v":1)
Back to file 'C:\Users\haogang\Desktop\usb30_uvc\prj\src\usb30_device_controller\usb3_link.v'("C:\Users\haogang\Desktop\usb30_uvc\prj\src\usb30_device_controller\usb3_link.v":1)
Analyzing included file 'C:\Users\haogang\Desktop\usb30_uvc\prj\src\usb30_device_controller\usb3_const.vh'("C:\Users\haogang\Desktop\usb30_uvc\prj\src\usb30_device_controller\usb3_link.v":118)
Back to file 'C:\Users\haogang\Desktop\usb30_uvc\prj\src\usb30_device_controller\usb3_link.v'("C:\Users\haogang\Desktop\usb30_uvc\prj\src\usb30_device_controller\usb3_link.v":118)
Analyzing Verilog file 'C:\Users\haogang\Desktop\usb30_uvc\prj\src\usb30_device_controller\usb3_ltssm_device.v'
Analyzing included file 'C:\Users\haogang\Desktop\usb30_uvc\prj\src\usb30_device_controller\usb3_macro_define.v'("C:\Users\haogang\Desktop\usb30_uvc\prj\src\usb30_device_controller\usb3_ltssm_device.v":1)
Back to file 'C:\Users\haogang\Desktop\usb30_uvc\prj\src\usb30_device_controller\usb3_ltssm_device.v'("C:\Users\haogang\Desktop\usb30_uvc\prj\src\usb30_device_controller\usb3_ltssm_device.v":1)
Analyzing included file 'C:\Users\haogang\Desktop\usb30_uvc\prj\src\usb30_device_controller\usb3_const.vh'("C:\Users\haogang\Desktop\usb30_uvc\prj\src\usb30_device_controller\usb3_ltssm_device.v":64)
Back to file 'C:\Users\haogang\Desktop\usb30_uvc\prj\src\usb30_device_controller\usb3_ltssm_device.v'("C:\Users\haogang\Desktop\usb30_uvc\prj\src\usb30_device_controller\usb3_ltssm_device.v":64)
Analyzing Verilog file 'C:\Users\haogang\Desktop\usb30_uvc\prj\src\usb30_device_controller\usb3_macro_define.v'
Analyzing Verilog file 'C:\Users\haogang\Desktop\usb30_uvc\prj\src\usb30_device_controller\usb3_pipe.v'
Analyzing included file 'C:\Users\haogang\Desktop\usb30_uvc\prj\src\usb30_device_controller\usb3_macro_define.v'("C:\Users\haogang\Desktop\usb30_uvc\prj\src\usb30_device_controller\usb3_pipe.v":1)
Back to file 'C:\Users\haogang\Desktop\usb30_uvc\prj\src\usb30_device_controller\usb3_pipe.v'("C:\Users\haogang\Desktop\usb30_uvc\prj\src\usb30_device_controller\usb3_pipe.v":1)
Analyzing included file 'C:\Users\haogang\Desktop\usb30_uvc\prj\src\usb30_device_controller\usb3_const.vh'("C:\Users\haogang\Desktop\usb30_uvc\prj\src\usb30_device_controller\usb3_pipe.v":79)
Back to file 'C:\Users\haogang\Desktop\usb30_uvc\prj\src\usb30_device_controller\usb3_pipe.v'("C:\Users\haogang\Desktop\usb30_uvc\prj\src\usb30_device_controller\usb3_pipe.v":79)
Analyzing Verilog file 'C:\Users\haogang\Desktop\usb30_uvc\prj\src\usb30_device_controller\usb3_protocol.v'
Analyzing included file 'C:\Users\haogang\Desktop\usb30_uvc\prj\src\usb30_device_controller\usb3_macro_define.v'("C:\Users\haogang\Desktop\usb30_uvc\prj\src\usb30_device_controller\usb3_protocol.v":1)
Back to file 'C:\Users\haogang\Desktop\usb30_uvc\prj\src\usb30_device_controller\usb3_protocol.v'("C:\Users\haogang\Desktop\usb30_uvc\prj\src\usb30_device_controller\usb3_protocol.v":1)
Analyzing included file 'C:\Users\haogang\Desktop\usb30_uvc\prj\src\usb30_device_controller\usb3_const.vh'("C:\Users\haogang\Desktop\usb30_uvc\prj\src\usb30_device_controller\usb3_protocol.v":520)
Back to file 'C:\Users\haogang\Desktop\usb30_uvc\prj\src\usb30_device_controller\usb3_protocol.v'("C:\Users\haogang\Desktop\usb30_uvc\prj\src\usb30_device_controller\usb3_protocol.v":520)
WARN  (EX3792) : Literal value 'd1024 truncated to fit in 10 bits("C:\Users\haogang\Desktop\usb30_uvc\prj\src\usb30_device_controller\usb3_protocol.v":966)
Analyzing Verilog file 'C:\Users\haogang\Desktop\usb30_uvc\prj\src\usb30_device_controller\usb3_scramble.v'
Analyzing included file 'C:\Users\haogang\Desktop\usb30_uvc\prj\src\usb30_device_controller\usb3_macro_define.v'("C:\Users\haogang\Desktop\usb30_uvc\prj\src\usb30_device_controller\usb3_scramble.v":1)
Back to file 'C:\Users\haogang\Desktop\usb30_uvc\prj\src\usb30_device_controller\usb3_scramble.v'("C:\Users\haogang\Desktop\usb30_uvc\prj\src\usb30_device_controller\usb3_scramble.v":1)
Analyzing included file 'C:\Users\haogang\Desktop\usb30_uvc\prj\src\usb30_device_controller\usb3_const.vh'("C:\Users\haogang\Desktop\usb30_uvc\prj\src\usb30_device_controller\usb3_scramble.v":28)
Back to file 'C:\Users\haogang\Desktop\usb30_uvc\prj\src\usb30_device_controller\usb3_scramble.v'("C:\Users\haogang\Desktop\usb30_uvc\prj\src\usb30_device_controller\usb3_scramble.v":28)
Analyzing Verilog file 'C:\Users\haogang\Desktop\usb30_uvc\prj\src\usb30_user_layer\ControlTransfer.v'
Analyzing included file 'C:\Users\haogang\Desktop\usb30_uvc\prj\src\usb30_user_layer\UVCDefine.v'("C:\Users\haogang\Desktop\usb30_uvc\prj\src\usb30_user_layer\ControlTransfer.v":2)
Back to file 'C:\Users\haogang\Desktop\usb30_uvc\prj\src\usb30_user_layer\ControlTransfer.v'("C:\Users\haogang\Desktop\usb30_uvc\prj\src\usb30_user_layer\ControlTransfer.v":2)
Analyzing included file 'C:\Users\haogang\Desktop\usb30_uvc\prj\src\usb30_user_layer\usb_descrip.vh'("C:\Users\haogang\Desktop\usb30_uvc\prj\src\usb30_user_layer\ControlTransfer.v":45)
Back to file 'C:\Users\haogang\Desktop\usb30_uvc\prj\src\usb30_user_layer\ControlTransfer.v'("C:\Users\haogang\Desktop\usb30_uvc\prj\src\usb30_user_layer\ControlTransfer.v":45)
WARN  (EX3801) : Parameter 'DESCR_USB3_ROM_ADD_W' becomes localparam in 'ControlTransfer' with formal parameter declaration list("C:\Users\haogang\Desktop\usb30_uvc\prj\src\usb30_user_layer\usb_descrip.vh":1)
WARN  (EX3801) : Parameter 'DESCR_USB3_DEVICE' becomes localparam in 'ControlTransfer' with formal parameter declaration list("C:\Users\haogang\Desktop\usb30_uvc\prj\src\usb30_user_layer\usb_descrip.vh":2)
WARN  (EX3801) : Parameter 'DESCR_USB3_DEVICE_LEN' becomes localparam in 'ControlTransfer' with formal parameter declaration list("C:\Users\haogang\Desktop\usb30_uvc\prj\src\usb30_user_layer\usb_descrip.vh":3)
WARN  (EX3801) : Parameter 'DESCR_USB3_CONFIG' becomes localparam in 'ControlTransfer' with formal parameter declaration list("C:\Users\haogang\Desktop\usb30_uvc\prj\src\usb30_user_layer\usb_descrip.vh":4)
WARN  (EX3801) : Parameter 'DESCR_USB3_CONFIG_LEN' becomes localparam in 'ControlTransfer' with formal parameter declaration list("C:\Users\haogang\Desktop\usb30_uvc\prj\src\usb30_user_layer\usb_descrip.vh":5)
WARN  (EX3801) : Parameter 'DESCR_USB3_BOS' becomes localparam in 'ControlTransfer' with formal parameter declaration list("C:\Users\haogang\Desktop\usb30_uvc\prj\src\usb30_user_layer\usb_descrip.vh":6)
WARN  (EX3801) : Parameter 'DESCR_USB3_BOS_LEN' becomes localparam in 'ControlTransfer' with formal parameter declaration list("C:\Users\haogang\Desktop\usb30_uvc\prj\src\usb30_user_layer\usb_descrip.vh":7)
WARN  (EX3801) : Parameter 'DESCR_USB3_STR0' becomes localparam in 'ControlTransfer' with formal parameter declaration list("C:\Users\haogang\Desktop\usb30_uvc\prj\src\usb30_user_layer\usb_descrip.vh":8)
WARN  (EX3801) : Parameter 'DESCR_USB3_STR0_LEN' becomes localparam in 'ControlTransfer' with formal parameter declaration list("C:\Users\haogang\Desktop\usb30_uvc\prj\src\usb30_user_layer\usb_descrip.vh":9)
WARN  (EX3801) : Parameter 'DESCR_USB3_STR1' becomes localparam in 'ControlTransfer' with formal parameter declaration list("C:\Users\haogang\Desktop\usb30_uvc\prj\src\usb30_user_layer\usb_descrip.vh":10)
WARN  (EX3801) : Parameter 'DESCR_USB3_STR1_LEN' becomes localparam in 'ControlTransfer' with formal parameter declaration list("C:\Users\haogang\Desktop\usb30_uvc\prj\src\usb30_user_layer\usb_descrip.vh":11)
WARN  (EX3801) : Parameter 'DESCR_USB3_STR2' becomes localparam in 'ControlTransfer' with formal parameter declaration list("C:\Users\haogang\Desktop\usb30_uvc\prj\src\usb30_user_layer\usb_descrip.vh":12)
WARN  (EX3801) : Parameter 'DESCR_USB3_STR2_LEN' becomes localparam in 'ControlTransfer' with formal parameter declaration list("C:\Users\haogang\Desktop\usb30_uvc\prj\src\usb30_user_layer\usb_descrip.vh":13)
WARN  (EX3801) : Parameter 'DESCR_USB3_MSFT' becomes localparam in 'ControlTransfer' with formal parameter declaration list("C:\Users\haogang\Desktop\usb30_uvc\prj\src\usb30_user_layer\usb_descrip.vh":14)
WARN  (EX3801) : Parameter 'DESCR_USB3_MSFT_LEN' becomes localparam in 'ControlTransfer' with formal parameter declaration list("C:\Users\haogang\Desktop\usb30_uvc\prj\src\usb30_user_layer\usb_descrip.vh":15)
WARN  (EX3801) : Parameter 'DESCR_USB3_LEN' becomes localparam in 'ControlTransfer' with formal parameter declaration list("C:\Users\haogang\Desktop\usb30_uvc\prj\src\usb30_user_layer\usb_descrip.vh":16)
Analyzing Verilog file 'C:\Users\haogang\Desktop\usb30_uvc\prj\src\usb30_user_layer\DataTransfer.v'
Analyzing included file 'C:\Users\haogang\Desktop\usb30_uvc\prj\src\usb30_user_layer\UVCDefine.v'("C:\Users\haogang\Desktop\usb30_uvc\prj\src\usb30_user_layer\DataTransfer.v":1)
Back to file 'C:\Users\haogang\Desktop\usb30_uvc\prj\src\usb30_user_layer\DataTransfer.v'("C:\Users\haogang\Desktop\usb30_uvc\prj\src\usb30_user_layer\DataTransfer.v":1)
Undeclared symbol 'payload_fifo_has_data', assumed default net type 'wire'("C:\Users\haogang\Desktop\usb30_uvc\prj\src\usb30_user_layer\DataTransfer.v":456)
Undeclared symbol 'payload_fifo_a_empty', assumed default net type 'wire'("C:\Users\haogang\Desktop\usb30_uvc\prj\src\usb30_user_layer\DataTransfer.v":466)
Undeclared symbol 'payload_fifo_a_full', assumed default net type 'wire'("C:\Users\haogang\Desktop\usb30_uvc\prj\src\usb30_user_layer\DataTransfer.v":467)
Undeclared symbol 'payload_fifo_b_empty', assumed default net type 'wire'("C:\Users\haogang\Desktop\usb30_uvc\prj\src\usb30_user_layer\DataTransfer.v":477)
Undeclared symbol 'payload_fifo_b_full', assumed default net type 'wire'("C:\Users\haogang\Desktop\usb30_uvc\prj\src\usb30_user_layer\DataTransfer.v":478)
Analyzing Verilog file 'C:\Users\haogang\Desktop\usb30_uvc\prj\src\usb30_user_layer\PixelGen.v'
Analyzing included file 'C:\Users\haogang\Desktop\usb30_uvc\prj\src\usb30_user_layer\UVCDefine.v'("C:\Users\haogang\Desktop\usb30_uvc\prj\src\usb30_user_layer\PixelGen.v":1)
Back to file 'C:\Users\haogang\Desktop\usb30_uvc\prj\src\usb30_user_layer\PixelGen.v'("C:\Users\haogang\Desktop\usb30_uvc\prj\src\usb30_user_layer\PixelGen.v":1)
Analyzing Verilog file 'C:\Users\haogang\Desktop\usb30_uvc\prj\src\usb30_user_layer\UVCDefine.v'
Analyzing Verilog file 'C:\Users\haogang\Desktop\usb30_uvc\prj\src\usb30_user_layer\UserEndpt_define.v'
Analyzing Verilog file 'C:\Users\haogang\Desktop\usb30_uvc\prj\src\usb30_user_layer\UserLayer_top.v'
Analyzing included file 'C:\Users\haogang\Desktop\usb30_uvc\prj\src\usb30_user_layer\UserEndpt_define.v'("C:\Users\haogang\Desktop\usb30_uvc\prj\src\usb30_user_layer\UserLayer_top.v":1)
Back to file 'C:\Users\haogang\Desktop\usb30_uvc\prj\src\usb30_user_layer\UserLayer_top.v'("C:\Users\haogang\Desktop\usb30_uvc\prj\src\usb30_user_layer\UserLayer_top.v":1)
Undeclared symbol 'pll_lock', assumed default net type 'wire'("C:\Users\haogang\Desktop\usb30_uvc\prj\src\usb30_user_layer\UserLayer_top.v":355)
Undeclared symbol 'memory_clk', assumed default net type 'wire'("C:\Users\haogang\Desktop\usb30_uvc\prj\src\usb30_user_layer\UserLayer_top.v":358)
Undeclared symbol 'clk_x1', assumed default net type 'wire'("C:\Users\haogang\Desktop\usb30_uvc\prj\src\usb30_user_layer\UserLayer_top.v":454)
Undeclared symbol 'yuv_fifo_full', assumed default net type 'wire'("C:\Users\haogang\Desktop\usb30_uvc\prj\src\usb30_user_layer\UserLayer_top.v":462)
Undeclared symbol 'yuv_data_val', assumed default net type 'wire'("C:\Users\haogang\Desktop\usb30_uvc\prj\src\usb30_user_layer\UserLayer_top.v":518)
Undeclared symbol 'ddr_rst', assumed default net type 'wire'("C:\Users\haogang\Desktop\usb30_uvc\prj\src\usb30_user_layer\UserLayer_top.v":575)
Analyzing Verilog file 'C:\Users\haogang\Desktop\usb30_uvc\prj\src\usb30_user_layer\ddr3_controller.v'
Analyzing included file 'C:\Users\haogang\Desktop\usb30_uvc\prj\src\usb30_user_layer\UVCDefine.v'("C:\Users\haogang\Desktop\usb30_uvc\prj\src\usb30_user_layer\ddr3_controller.v":1)
Back to file 'C:\Users\haogang\Desktop\usb30_uvc\prj\src\usb30_user_layer\ddr3_controller.v'("C:\Users\haogang\Desktop\usb30_uvc\prj\src\usb30_user_layer\ddr3_controller.v":1)
Undeclared symbol 'ddr_rd_fifo_rd_en', assumed default net type 'wire'("C:\Users\haogang\Desktop\usb30_uvc\prj\src\usb30_user_layer\ddr3_controller.v":420)
Analyzing Verilog file 'C:\Users\haogang\Desktop\usb30_uvc\prj\src\usb30_user_layer\usb_descrip.vh'
WARN  (EX3209) : Root scope declaration is not allowed in Verilog 2001 mode("C:\Users\haogang\Desktop\usb30_uvc\prj\src\usb30_user_layer\usb_descrip.vh":1)
WARN  (EX3209) : Root scope declaration is not allowed in Verilog 2001 mode("C:\Users\haogang\Desktop\usb30_uvc\prj\src\usb30_user_layer\usb_descrip.vh":2)
WARN  (EX3209) : Root scope declaration is not allowed in Verilog 2001 mode("C:\Users\haogang\Desktop\usb30_uvc\prj\src\usb30_user_layer\usb_descrip.vh":3)
WARN  (EX3209) : Root scope declaration is not allowed in Verilog 2001 mode("C:\Users\haogang\Desktop\usb30_uvc\prj\src\usb30_user_layer\usb_descrip.vh":4)
WARN  (EX3209) : Root scope declaration is not allowed in Verilog 2001 mode("C:\Users\haogang\Desktop\usb30_uvc\prj\src\usb30_user_layer\usb_descrip.vh":5)
WARN  (EX3209) : Root scope declaration is not allowed in Verilog 2001 mode("C:\Users\haogang\Desktop\usb30_uvc\prj\src\usb30_user_layer\usb_descrip.vh":6)
WARN  (EX3209) : Root scope declaration is not allowed in Verilog 2001 mode("C:\Users\haogang\Desktop\usb30_uvc\prj\src\usb30_user_layer\usb_descrip.vh":7)
WARN  (EX3209) : Root scope declaration is not allowed in Verilog 2001 mode("C:\Users\haogang\Desktop\usb30_uvc\prj\src\usb30_user_layer\usb_descrip.vh":8)
WARN  (EX3209) : Root scope declaration is not allowed in Verilog 2001 mode("C:\Users\haogang\Desktop\usb30_uvc\prj\src\usb30_user_layer\usb_descrip.vh":9)
WARN  (EX3209) : Root scope declaration is not allowed in Verilog 2001 mode("C:\Users\haogang\Desktop\usb30_uvc\prj\src\usb30_user_layer\usb_descrip.vh":10)
WARN  (EX3209) : Root scope declaration is not allowed in Verilog 2001 mode("C:\Users\haogang\Desktop\usb30_uvc\prj\src\usb30_user_layer\usb_descrip.vh":11)
WARN  (EX3209) : Root scope declaration is not allowed in Verilog 2001 mode("C:\Users\haogang\Desktop\usb30_uvc\prj\src\usb30_user_layer\usb_descrip.vh":12)
WARN  (EX3209) : Root scope declaration is not allowed in Verilog 2001 mode("C:\Users\haogang\Desktop\usb30_uvc\prj\src\usb30_user_layer\usb_descrip.vh":13)
WARN  (EX3209) : Root scope declaration is not allowed in Verilog 2001 mode("C:\Users\haogang\Desktop\usb30_uvc\prj\src\usb30_user_layer\usb_descrip.vh":14)
WARN  (EX3209) : Root scope declaration is not allowed in Verilog 2001 mode("C:\Users\haogang\Desktop\usb30_uvc\prj\src\usb30_user_layer\usb_descrip.vh":15)
WARN  (EX3209) : Root scope declaration is not allowed in Verilog 2001 mode("C:\Users\haogang\Desktop\usb30_uvc\prj\src\usb30_user_layer\usb_descrip.vh":16)
Analyzing Verilog file 'C:\Users\haogang\Desktop\usb30_uvc\prj\src\yuv_data_fifo\yuv_data_fifo.v'
Analyzing Verilog file 'C:\Users\haogang\Desktop\usb30_uvc\prj\src\serdes\serdes.v'
Analyzing Verilog file 'C:\Users\haogang\Desktop\usb30_uvc\prj\src\serdes\usb3_0_phy\usb3_0_phy.v'
Analyzing Verilog file 'C:\Users\haogang\Desktop\usb30_uvc\prj\src\serdes\upar_arbiter\upar_arbiter.v'
WARN  (EX2582) : Parameter 'DESCR_USB3_ROM_ADD_W' declared inside compilation unit '$unit_src_cam_fifo_cam_fifo_v' shall be treated as localparam("C:\Users\haogang\Desktop\usb30_uvc\prj\src\usb30_user_layer\usb_descrip.vh":1)
WARN  (EX2582) : Parameter 'DESCR_USB3_DEVICE' declared inside compilation unit '$unit_src_cam_fifo_cam_fifo_v' shall be treated as localparam("C:\Users\haogang\Desktop\usb30_uvc\prj\src\usb30_user_layer\usb_descrip.vh":2)
WARN  (EX2582) : Parameter 'DESCR_USB3_DEVICE_LEN' declared inside compilation unit '$unit_src_cam_fifo_cam_fifo_v' shall be treated as localparam("C:\Users\haogang\Desktop\usb30_uvc\prj\src\usb30_user_layer\usb_descrip.vh":3)
WARN  (EX2582) : Parameter 'DESCR_USB3_CONFIG' declared inside compilation unit '$unit_src_cam_fifo_cam_fifo_v' shall be treated as localparam("C:\Users\haogang\Desktop\usb30_uvc\prj\src\usb30_user_layer\usb_descrip.vh":4)
WARN  (EX2582) : Parameter 'DESCR_USB3_CONFIG_LEN' declared inside compilation unit '$unit_src_cam_fifo_cam_fifo_v' shall be treated as localparam("C:\Users\haogang\Desktop\usb30_uvc\prj\src\usb30_user_layer\usb_descrip.vh":5)
WARN  (EX2582) : Parameter 'DESCR_USB3_BOS' declared inside compilation unit '$unit_src_cam_fifo_cam_fifo_v' shall be treated as localparam("C:\Users\haogang\Desktop\usb30_uvc\prj\src\usb30_user_layer\usb_descrip.vh":6)
WARN  (EX2582) : Parameter 'DESCR_USB3_BOS_LEN' declared inside compilation unit '$unit_src_cam_fifo_cam_fifo_v' shall be treated as localparam("C:\Users\haogang\Desktop\usb30_uvc\prj\src\usb30_user_layer\usb_descrip.vh":7)
WARN  (EX2582) : Parameter 'DESCR_USB3_STR0' declared inside compilation unit '$unit_src_cam_fifo_cam_fifo_v' shall be treated as localparam("C:\Users\haogang\Desktop\usb30_uvc\prj\src\usb30_user_layer\usb_descrip.vh":8)
WARN  (EX2582) : Parameter 'DESCR_USB3_STR0_LEN' declared inside compilation unit '$unit_src_cam_fifo_cam_fifo_v' shall be treated as localparam("C:\Users\haogang\Desktop\usb30_uvc\prj\src\usb30_user_layer\usb_descrip.vh":9)
WARN  (EX2582) : Parameter 'DESCR_USB3_STR1' declared inside compilation unit '$unit_src_cam_fifo_cam_fifo_v' shall be treated as localparam("C:\Users\haogang\Desktop\usb30_uvc\prj\src\usb30_user_layer\usb_descrip.vh":10)
WARN  (EX2582) : Parameter 'DESCR_USB3_STR1_LEN' declared inside compilation unit '$unit_src_cam_fifo_cam_fifo_v' shall be treated as localparam("C:\Users\haogang\Desktop\usb30_uvc\prj\src\usb30_user_layer\usb_descrip.vh":11)
WARN  (EX2582) : Parameter 'DESCR_USB3_STR2' declared inside compilation unit '$unit_src_cam_fifo_cam_fifo_v' shall be treated as localparam("C:\Users\haogang\Desktop\usb30_uvc\prj\src\usb30_user_layer\usb_descrip.vh":12)
WARN  (EX2582) : Parameter 'DESCR_USB3_STR2_LEN' declared inside compilation unit '$unit_src_cam_fifo_cam_fifo_v' shall be treated as localparam("C:\Users\haogang\Desktop\usb30_uvc\prj\src\usb30_user_layer\usb_descrip.vh":13)
WARN  (EX2582) : Parameter 'DESCR_USB3_MSFT' declared inside compilation unit '$unit_src_cam_fifo_cam_fifo_v' shall be treated as localparam("C:\Users\haogang\Desktop\usb30_uvc\prj\src\usb30_user_layer\usb_descrip.vh":14)
WARN  (EX2582) : Parameter 'DESCR_USB3_MSFT_LEN' declared inside compilation unit '$unit_src_cam_fifo_cam_fifo_v' shall be treated as localparam("C:\Users\haogang\Desktop\usb30_uvc\prj\src\usb30_user_layer\usb_descrip.vh":15)
WARN  (EX2582) : Parameter 'DESCR_USB3_LEN' declared inside compilation unit '$unit_src_cam_fifo_cam_fifo_v' shall be treated as localparam("C:\Users\haogang\Desktop\usb30_uvc\prj\src\usb30_user_layer\usb_descrip.vh":16)
Compiling module 'top'("C:\Users\haogang\Desktop\usb30_uvc\prj\src\top.v":2)
Compiling module 'SerDes_Top'("C:\Users\haogang\Desktop\usb30_uvc\prj\src\serdes\serdes.v":10)
Compiling module '~upar_arbiter_wrap.SerDes_Top'("C:\Users\haogang\Desktop\usb30_uvc\prj\src\serdes\upar_arbiter\upar_arbiter.v":4701)
Compiling module '**'("C:\Users\haogang\Desktop\usb30_uvc\prj\src\serdes\upar_arbiter\upar_arbiter.v":4700)
Compiling module 'USB3_0_PHY_Top'("C:\Users\haogang\Desktop\usb30_uvc\prj\src\serdes\usb3_0_phy\usb3_0_phy.v":7396)
Compiling module '**'("C:\Users\haogang\Desktop\usb30_uvc\prj\src\serdes\usb3_0_phy\usb3_0_phy.v":7395)
Compiling module 'USB30_Device_Controller_Top'("C:\Users\haogang\Desktop\usb30_uvc\prj\src\usb30_device_controller\USB30_Device_Controller_Top.v":2)
Compiling module 'usb30_device_controller'("C:\Users\haogang\Desktop\usb30_uvc\prj\src\usb30_device_controller\usb30_device_controller.v":4)
Compiling module 'usb3_pipe'("C:\Users\haogang\Desktop\usb30_uvc\prj\src\usb30_device_controller\usb3_pipe.v":3)
WARN  (EX3791) : Expression size 32 truncated to fit in target size 13("C:\Users\haogang\Desktop\usb30_uvc\prj\src\usb30_device_controller\usb3_pipe.v":481)
Compiling module 'usb3_descramble'("C:\Users\haogang\Desktop\usb30_uvc\prj\src\usb30_device_controller\usb3_descramble.v":3)
Compiling module 'usb3_lfsr'("C:\Users\haogang\Desktop\usb30_uvc\prj\src\usb30_device_controller\usb3_lfsr.v":3)
WARN  (EX3670) : Actual bit length 32 differs from formal bit length 1 for port 'clock'("C:\Users\haogang\Desktop\usb30_uvc\prj\src\usb30_device_controller\usb3_pipe.v":923)
Compiling module 'usb3_scramble'("C:\Users\haogang\Desktop\usb30_uvc\prj\src\usb30_device_controller\usb3_scramble.v":3)
WARN  (EX3670) : Actual bit length 32 differs from formal bit length 1 for port 'clock'("C:\Users\haogang\Desktop\usb30_uvc\prj\src\usb30_device_controller\usb3_pipe.v":952)
WARN  (EX3670) : Actual bit length 2 differs from formal bit length 3 for port 'phy_tx_margin'("C:\Users\haogang\Desktop\usb30_uvc\prj\src\usb30_device_controller\usb30_device_controller.v":568)
WARN  (EX3670) : Actual bit length 32 differs from formal bit length 1 for port 'link_out_skp_inhibit'("C:\Users\haogang\Desktop\usb30_uvc\prj\src\usb30_device_controller\usb30_device_controller.v":612)
WARN  (EX3670) : Actual bit length 32 differs from formal bit length 1 for port 'link_out_skp_defer'("C:\Users\haogang\Desktop\usb30_uvc\prj\src\usb30_device_controller\usb30_device_controller.v":613)
Compiling module 'usb3_ltssm_device'("C:\Users\haogang\Desktop\usb30_uvc\prj\src\usb30_device_controller\usb3_ltssm_device.v":3)
WARN  (EX3670) : Actual bit length 32 differs from formal bit length 1 for port 'port_power_err'("C:\Users\haogang\Desktop\usb30_uvc\prj\src\usb30_device_controller\usb30_device_controller.v":642)
WARN  (EX3670) : Actual bit length 32 differs from formal bit length 1 for port 'lfps_send_poll'("C:\Users\haogang\Desktop\usb30_uvc\prj\src\usb30_device_controller\usb30_device_controller.v":679)
WARN  (EX3670) : Actual bit length 32 differs from formal bit length 1 for port 'lfps_send_ping'("C:\Users\haogang\Desktop\usb30_uvc\prj\src\usb30_device_controller\usb30_device_controller.v":680)
WARN  (EX3670) : Actual bit length 32 differs from formal bit length 1 for port 'lfps_send_u1'("C:\Users\haogang\Desktop\usb30_uvc\prj\src\usb30_device_controller\usb30_device_controller.v":681)
WARN  (EX3670) : Actual bit length 32 differs from formal bit length 1 for port 'lfps_send_u2lb'("C:\Users\haogang\Desktop\usb30_uvc\prj\src\usb30_device_controller\usb30_device_controller.v":682)
WARN  (EX3670) : Actual bit length 32 differs from formal bit length 1 for port 'lfps_send_u3'("C:\Users\haogang\Desktop\usb30_uvc\prj\src\usb30_device_controller\usb30_device_controller.v":683)
Compiling module 'usb3_link'("C:\Users\haogang\Desktop\usb30_uvc\prj\src\usb30_device_controller\usb3_link.v":3)
Extracting RAM for identifier 'res_mem_wr_cnt'("C:\Users\haogang\Desktop\usb30_uvc\prj\src\usb30_device_controller\usb3_link.v":2957)
Extracting RAM for identifier 'hp_seq_mem'("C:\Users\haogang\Desktop\usb30_uvc\prj\src\usb30_device_controller\usb3_link.v":2960)
Extracting RAM for identifier 'res_mem_0'("C:\Users\haogang\Desktop\usb30_uvc\prj\src\usb30_device_controller\usb3_link.v":2961)
Extracting RAM for identifier 'res_mem_1'("C:\Users\haogang\Desktop\usb30_uvc\prj\src\usb30_device_controller\usb3_link.v":2962)
Extracting RAM for identifier 'res_mem_2'("C:\Users\haogang\Desktop\usb30_uvc\prj\src\usb30_device_controller\usb3_link.v":2963)
Extracting RAM for identifier 'res_mem_3'("C:\Users\haogang\Desktop\usb30_uvc\prj\src\usb30_device_controller\usb3_link.v":2964)
WARN  (EX3791) : Expression size 32 truncated to fit in target size 3("C:\Users\haogang\Desktop\usb30_uvc\prj\src\usb30_device_controller\usb3_link.v":137)
WARN  (EX3791) : Expression size 9 truncated to fit in target size 8("C:\Users\haogang\Desktop\usb30_uvc\prj\src\usb30_device_controller\usb3_link.v":536)
Compiling module 'usb3_TxHp'("C:\Users\haogang\Desktop\usb30_uvc\prj\src\usb30_device_controller\usb3_TxHp.v":3)
Extracting RAM for identifier 'mem'("C:\Users\haogang\Desktop\usb30_uvc\prj\src\usb30_device_controller\usb3_TxHp.v":27)
WARN  (EX3791) : Expression size 4 truncated to fit in target size 3("C:\Users\haogang\Desktop\usb30_uvc\prj\src\usb30_device_controller\usb3_TxHp.v":37)
WARN  (EX3791) : Expression size 4 truncated to fit in target size 3("C:\Users\haogang\Desktop\usb30_uvc\prj\src\usb30_device_controller\usb3_TxHp.v":41)
Compiling module 'usb3_TXLcmd'("C:\Users\haogang\Desktop\usb30_uvc\prj\src\usb30_device_controller\usb3_TxLcmd.v":3)
Extracting RAM for identifier 'mem'("C:\Users\haogang\Desktop\usb30_uvc\prj\src\usb30_device_controller\usb3_TxLcmd.v":23)
WARN  (EX3791) : Expression size 4 truncated to fit in target size 3("C:\Users\haogang\Desktop\usb30_uvc\prj\src\usb30_device_controller\usb3_TxLcmd.v":34)
WARN  (EX3791) : Expression size 4 truncated to fit in target size 3("C:\Users\haogang\Desktop\usb30_uvc\prj\src\usb30_device_controller\usb3_TxLcmd.v":38)
WARN  (EX3791) : Expression size 4 truncated to fit in target size 3("C:\Users\haogang\Desktop\usb30_uvc\prj\src\usb30_device_controller\usb3_link.v":1117)
WARN  (EX3791) : Expression size 4 truncated to fit in target size 3("C:\Users\haogang\Desktop\usb30_uvc\prj\src\usb30_device_controller\usb3_link.v":1121)
WARN  (EX3791) : Expression size 11 truncated to fit in target size 10("C:\Users\haogang\Desktop\usb30_uvc\prj\src\usb30_device_controller\usb3_link.v":1342)
WARN  (EX3791) : Expression size 32 truncated to fit in target size 16("C:\Users\haogang\Desktop\usb30_uvc\prj\src\usb30_device_controller\usb3_link.v":1346)
Compiling module 'usb3_crc_cw'("C:\Users\haogang\Desktop\usb30_uvc\prj\src\usb30_device_controller\usb3_crc.v":6)
Compiling module 'usb3_crc_hp'("C:\Users\haogang\Desktop\usb30_uvc\prj\src\usb30_device_controller\usb3_crc.v":35)
Compiling module 'usb3_crc_dpp32_tx'("C:\Users\haogang\Desktop\usb30_uvc\prj\src\usb30_device_controller\usb3_crc.v":169)
Compiling module 'usb3_crc_dpp24'("C:\Users\haogang\Desktop\usb30_uvc\prj\src\usb30_device_controller\usb3_crc.v":245)
Compiling module 'usb3_crc_dpp16'("C:\Users\haogang\Desktop\usb30_uvc\prj\src\usb30_device_controller\usb3_crc.v":305)
Compiling module 'usb3_crc_dpp8'("C:\Users\haogang\Desktop\usb30_uvc\prj\src\usb30_device_controller\usb3_crc.v":364)
WARN  (EX3791) : Expression size 17 truncated to fit in target size 16("C:\Users\haogang\Desktop\usb30_uvc\prj\src\usb30_device_controller\usb3_link.v":1968)
WARN  (EX3791) : Expression size 11 truncated to fit in target size 10("C:\Users\haogang\Desktop\usb30_uvc\prj\src\usb30_device_controller\usb3_link.v":2022)
WARN  (EX3791) : Expression size 16 truncated to fit in target size 11("C:\Users\haogang\Desktop\usb30_uvc\prj\src\usb30_device_controller\usb3_link.v":2118)
Compiling module 'usb3_crc_dpp32_rx'("C:\Users\haogang\Desktop\usb30_uvc\prj\src\usb30_device_controller\usb3_crc.v":91)
WARN  (EX3791) : Expression size 4 truncated to fit in target size 3("C:\Users\haogang\Desktop\usb30_uvc\prj\src\usb30_device_controller\usb3_link.v":2268)
WARN  (EX3791) : Expression size 3 truncated to fit in target size 2("C:\Users\haogang\Desktop\usb30_uvc\prj\src\usb30_device_controller\usb3_link.v":2283)
WARN  (EX3791) : Expression size 3 truncated to fit in target size 2("C:\Users\haogang\Desktop\usb30_uvc\prj\src\usb30_device_controller\usb3_link.v":2383)
WARN  (EX3791) : Expression size 4 truncated to fit in target size 3("C:\Users\haogang\Desktop\usb30_uvc\prj\src\usb30_device_controller\usb3_link.v":2388)
WARN  (EX3791) : Expression size 4 truncated to fit in target size 3("C:\Users\haogang\Desktop\usb30_uvc\prj\src\usb30_device_controller\usb3_link.v":2531)
WARN  (EX3791) : Expression size 32 truncated to fit in target size 3("C:\Users\haogang\Desktop\usb30_uvc\prj\src\usb30_device_controller\usb3_link.v":2534)
WARN  (EX3791) : Expression size 4 truncated to fit in target size 3("C:\Users\haogang\Desktop\usb30_uvc\prj\src\usb30_device_controller\usb3_link.v":2552)
WARN  (EX3791) : Expression size 32 truncated to fit in target size 3("C:\Users\haogang\Desktop\usb30_uvc\prj\src\usb30_device_controller\usb3_link.v":2555)
WARN  (EX3791) : Expression size 26 truncated to fit in target size 25("C:\Users\haogang\Desktop\usb30_uvc\prj\src\usb30_device_controller\usb3_link.v":2702)
WARN  (EX3791) : Expression size 26 truncated to fit in target size 25("C:\Users\haogang\Desktop\usb30_uvc\prj\src\usb30_device_controller\usb3_link.v":2759)
WARN  (EX3791) : Expression size 26 truncated to fit in target size 25("C:\Users\haogang\Desktop\usb30_uvc\prj\src\usb30_device_controller\usb3_link.v":2783)
WARN  (EX3791) : Expression size 12 truncated to fit in target size 11("C:\Users\haogang\Desktop\usb30_uvc\prj\src\usb30_device_controller\usb3_link.v":2973)
WARN  (EX3791) : Expression size 12 truncated to fit in target size 11("C:\Users\haogang\Desktop\usb30_uvc\prj\src\usb30_device_controller\usb3_link.v":2976)
WARN  (EX3791) : Expression size 12 truncated to fit in target size 11("C:\Users\haogang\Desktop\usb30_uvc\prj\src\usb30_device_controller\usb3_link.v":2980)
WARN  (EX3791) : Expression size 3 truncated to fit in target size 2("C:\Users\haogang\Desktop\usb30_uvc\prj\src\usb30_device_controller\usb3_link.v":2991)
WARN  (EX3791) : Expression size 3 truncated to fit in target size 2("C:\Users\haogang\Desktop\usb30_uvc\prj\src\usb30_device_controller\usb3_link.v":2994)
WARN  (EX3791) : Expression size 32 truncated to fit in target size 3("C:\Users\haogang\Desktop\usb30_uvc\prj\src\usb30_device_controller\usb3_link.v":3021)
WARN  (EX3791) : Expression size 32 truncated to fit in target size 3("C:\Users\haogang\Desktop\usb30_uvc\prj\src\usb30_device_controller\usb3_link.v":3022)
WARN  (EX3791) : Expression size 5 truncated to fit in target size 2("C:\Users\haogang\Desktop\usb30_uvc\prj\src\usb30_device_controller\usb3_link.v":3061)
WARN  (EX3791) : Expression size 12 truncated to fit in target size 11("C:\Users\haogang\Desktop\usb30_uvc\prj\src\usb30_device_controller\usb3_link.v":3083)
WARN  (EX3791) : Expression size 3 truncated to fit in target size 2("C:\Users\haogang\Desktop\usb30_uvc\prj\src\usb30_device_controller\usb3_link.v":3091)
WARN  (EX3791) : Expression size 5 truncated to fit in target size 4("C:\Users\haogang\Desktop\usb30_uvc\prj\src\usb30_device_controller\usb3_link.v":3132)
WARN  (EX3791) : Expression size 9 truncated to fit in target size 8("C:\Users\haogang\Desktop\usb30_uvc\prj\src\usb30_device_controller\usb3_link.v":3150)
WARN  (EX3791) : Expression size 9 truncated to fit in target size 8("C:\Users\haogang\Desktop\usb30_uvc\prj\src\usb30_device_controller\usb3_link.v":3170)
WARN  (EX1998) : Net 'out_data_3[31]' does not have a driver("C:\Users\haogang\Desktop\usb30_uvc\prj\src\usb30_device_controller\usb3_link.v":160)
WARN  (EX3073) : Port 'buf_in_eob' remains unconnected for this instance("C:\Users\haogang\Desktop\usb30_uvc\prj\src\usb30_device_controller\usb3_protocol.v":2006)
Compiling module 'usb3_protocol'("C:\Users\haogang\Desktop\usb30_uvc\prj\src\usb30_device_controller\usb3_protocol.v":4)
WARN  (EX3791) : Expression size 6 truncated to fit in target size 5("C:\Users\haogang\Desktop\usb30_uvc\prj\src\usb30_device_controller\usb3_protocol.v":1841)
WARN  (EX3073) : Port 'buf_in_eob' remains unconnected for this instance("C:\Users\haogang\Desktop\usb30_uvc\prj\src\usb30_device_controller\usb3_ep0.v":231)
WARN  (EX3073) : Port 'buf_in_eob' remains unconnected for this instance("C:\Users\haogang\Desktop\usb30_uvc\prj\src\usb30_device_controller\usb3_ep0.v":524)
Compiling module 'usb3_ep0'("C:\Users\haogang\Desktop\usb30_uvc\prj\src\usb30_device_controller\usb3_ep0.v":3)
WARN  (EX3791) : Expression size 9 truncated to fit in target size 8("C:\Users\haogang\Desktop\usb30_uvc\prj\src\usb30_device_controller\usb3_ep0.v":136)
WARN  (EX3791) : Expression size 9 truncated to fit in target size 8("C:\Users\haogang\Desktop\usb30_uvc\prj\src\usb30_device_controller\usb3_ep0.v":148)
Compiling module 'usb3_ep0in_ram'("C:\Users\haogang\Desktop\usb30_uvc\prj\src\usb30_device_controller\usb3_ep0in_ram.v":3)
Extracting RAM for identifier 'mem'("C:\Users\haogang\Desktop\usb30_uvc\prj\src\usb30_device_controller\usb3_ep0in_ram.v":16)
Compiling module 'usb3_ep(ENDPT_BURST=1,BUF_OUT_DP_ACKED_VAL=0)'("C:\Users\haogang\Desktop\usb30_uvc\prj\src\usb30_device_controller\usb3_ep.v":3)
Extracting RAM for identifier 'buf_a'("C:\Users\haogang\Desktop\usb30_uvc\prj\src\usb30_device_controller\usb3_ep.v":608)
Extracting RAM for identifier 'buf_out_len_mem'("C:\Users\haogang\Desktop\usb30_uvc\prj\src\usb30_device_controller\usb3_ep.v":685)
WARN  (EX3791) : Expression size 5 truncated to fit in target size 4("C:\Users\haogang\Desktop\usb30_uvc\prj\src\usb30_device_controller\usb3_ep.v":178)
WARN  (EX3791) : Expression size 10 truncated to fit in target size 9("C:\Users\haogang\Desktop\usb30_uvc\prj\src\usb30_device_controller\usb3_ep.v":602)
WARN  (EX3791) : Expression size 10 truncated to fit in target size 9("C:\Users\haogang\Desktop\usb30_uvc\prj\src\usb30_device_controller\usb3_ep.v":705)
WARN  (EX3791) : Expression size 32 truncated to fit in target size 5("C:\Users\haogang\Desktop\usb30_uvc\prj\src\usb30_device_controller\usb3_ep.v":789)
WARN  (EX3791) : Expression size 3 truncated to fit in target size 2("C:\Users\haogang\Desktop\usb30_uvc\prj\src\usb30_device_controller\usb3_ep0.v":249)
WARN  (EX3791) : Expression size 9 truncated to fit in target size 8("C:\Users\haogang\Desktop\usb30_uvc\prj\src\usb30_device_controller\usb3_ep0.v":250)
WARN  (EX3791) : Expression size 9 truncated to fit in target size 8("C:\Users\haogang\Desktop\usb30_uvc\prj\src\usb30_device_controller\usb3_ep0.v":414)
Compiling module 'usb3_ep(ENDPT_BURST=1)'("C:\Users\haogang\Desktop\usb30_uvc\prj\src\usb30_device_controller\usb3_ep.v":3)
Extracting RAM for identifier 'buf_a'("C:\Users\haogang\Desktop\usb30_uvc\prj\src\usb30_device_controller\usb3_ep.v":608)
Extracting RAM for identifier 'buf_out_len_mem'("C:\Users\haogang\Desktop\usb30_uvc\prj\src\usb30_device_controller\usb3_ep.v":685)
WARN  (EX3791) : Expression size 5 truncated to fit in target size 4("C:\Users\haogang\Desktop\usb30_uvc\prj\src\usb30_device_controller\usb3_ep.v":178)
WARN  (EX3791) : Expression size 10 truncated to fit in target size 9("C:\Users\haogang\Desktop\usb30_uvc\prj\src\usb30_device_controller\usb3_ep.v":602)
WARN  (EX3791) : Expression size 10 truncated to fit in target size 9("C:\Users\haogang\Desktop\usb30_uvc\prj\src\usb30_device_controller\usb3_ep.v":705)
WARN  (EX3791) : Expression size 32 truncated to fit in target size 5("C:\Users\haogang\Desktop\usb30_uvc\prj\src\usb30_device_controller\usb3_ep.v":789)
WARN  (EX3670) : Actual bit length 1 differs from formal bit length 5 for port 'buf_in_nump'("C:\Users\haogang\Desktop\usb30_uvc\prj\src\usb30_device_controller\usb3_ep0.v":510)
WARN  (EX3791) : Expression size 9 truncated to fit in target size 8("C:\Users\haogang\Desktop\usb30_uvc\prj\src\usb30_device_controller\usb3_ep0.v":545)
WARN  (EX2565) : Input 'buf_in_eob' on this instance is undriven. Assigning to 0, simulation mismatch possible. Please assign the input or remove the declaration("C:\Users\haogang\Desktop\usb30_uvc\prj\src\usb30_device_controller\usb3_ep0.v":231)
WARN  (EX2565) : Input 'buf_out_dp_acked' on this instance is undriven. Assigning to 0, simulation mismatch possible. Please assign the input or remove the declaration("C:\Users\haogang\Desktop\usb30_uvc\prj\src\usb30_device_controller\usb3_ep0.v":231)
WARN  (EX2565) : Input 'in_ep_rty' on this instance is undriven. Assigning to 0, simulation mismatch possible. Please assign the input or remove the declaration("C:\Users\haogang\Desktop\usb30_uvc\prj\src\usb30_device_controller\usb3_ep0.v":231)
WARN  (EX2565) : Input 'buf_in_eob' on this instance is undriven. Assigning to 0, simulation mismatch possible. Please assign the input or remove the declaration("C:\Users\haogang\Desktop\usb30_uvc\prj\src\usb30_device_controller\usb3_ep0.v":524)
Compiling module 'usb3_ep(ENDPT_BURST=5'd1)'("C:\Users\haogang\Desktop\usb30_uvc\prj\src\usb30_device_controller\usb3_ep.v":3)
Extracting RAM for identifier 'buf_a'("C:\Users\haogang\Desktop\usb30_uvc\prj\src\usb30_device_controller\usb3_ep.v":608)
Extracting RAM for identifier 'buf_out_len_mem'("C:\Users\haogang\Desktop\usb30_uvc\prj\src\usb30_device_controller\usb3_ep.v":685)
WARN  (EX3791) : Expression size 5 truncated to fit in target size 4("C:\Users\haogang\Desktop\usb30_uvc\prj\src\usb30_device_controller\usb3_ep.v":178)
WARN  (EX3791) : Expression size 10 truncated to fit in target size 9("C:\Users\haogang\Desktop\usb30_uvc\prj\src\usb30_device_controller\usb3_ep.v":602)
WARN  (EX3791) : Expression size 10 truncated to fit in target size 9("C:\Users\haogang\Desktop\usb30_uvc\prj\src\usb30_device_controller\usb3_ep.v":705)
WARN  (EX3791) : Expression size 32 truncated to fit in target size 5("C:\Users\haogang\Desktop\usb30_uvc\prj\src\usb30_device_controller\usb3_ep.v":789)
Compiling module 'usb3_ep(ENDPT_BURST=5'd16)'("C:\Users\haogang\Desktop\usb30_uvc\prj\src\usb30_device_controller\usb3_ep.v":3)
Extracting RAM for identifier 'buf_a'("C:\Users\haogang\Desktop\usb30_uvc\prj\src\usb30_device_controller\usb3_ep.v":608)
Extracting RAM for identifier 'buf_out_len_mem'("C:\Users\haogang\Desktop\usb30_uvc\prj\src\usb30_device_controller\usb3_ep.v":685)
WARN  (EX3791) : Expression size 5 truncated to fit in target size 4("C:\Users\haogang\Desktop\usb30_uvc\prj\src\usb30_device_controller\usb3_ep.v":178)
WARN  (EX3791) : Expression size 5 truncated to fit in target size 4("C:\Users\haogang\Desktop\usb30_uvc\prj\src\usb30_device_controller\usb3_ep.v":249)
WARN  (EX3791) : Expression size 10 truncated to fit in target size 9("C:\Users\haogang\Desktop\usb30_uvc\prj\src\usb30_device_controller\usb3_ep.v":602)
WARN  (EX3791) : Expression size 10 truncated to fit in target size 9("C:\Users\haogang\Desktop\usb30_uvc\prj\src\usb30_device_controller\usb3_ep.v":705)
WARN  (EX3791) : Expression size 5 truncated to fit in target size 4("C:\Users\haogang\Desktop\usb30_uvc\prj\src\usb30_device_controller\usb3_ep.v":718)
WARN  (EX3791) : Expression size 5 truncated to fit in target size 4("C:\Users\haogang\Desktop\usb30_uvc\prj\src\usb30_device_controller\usb3_ep.v":735)
WARN  (EX3791) : Expression size 16 truncated to fit in target size 5("C:\Users\haogang\Desktop\usb30_uvc\prj\src\usb30_device_controller\usb3_ep.v":789)
WARN  (EX1998) : Net 'ep1_buf_in_nump[4]' does not have a driver("C:\Users\haogang\Desktop\usb30_uvc\prj\src\usb30_device_controller\usb3_protocol.v":439)
WARN  (EX1998) : Net 'ep2_buf_in_nump[4]' does not have a driver("C:\Users\haogang\Desktop\usb30_uvc\prj\src\usb30_device_controller\usb3_protocol.v":440)
WARN  (EX1998) : Net 'ep3_buf_in_nump[4]' does not have a driver("C:\Users\haogang\Desktop\usb30_uvc\prj\src\usb30_device_controller\usb3_protocol.v":441)
WARN  (EX1998) : Net 'ep4_buf_in_nump[4]' does not have a driver("C:\Users\haogang\Desktop\usb30_uvc\prj\src\usb30_device_controller\usb3_protocol.v":442)
WARN  (EX1998) : Net 'ep5_buf_in_nump[4]' does not have a driver("C:\Users\haogang\Desktop\usb30_uvc\prj\src\usb30_device_controller\usb3_protocol.v":443)
WARN  (EX1998) : Net 'ep6_buf_in_nump[4]' does not have a driver("C:\Users\haogang\Desktop\usb30_uvc\prj\src\usb30_device_controller\usb3_protocol.v":444)
WARN  (EX1998) : Net 'ep7_buf_in_nump[4]' does not have a driver("C:\Users\haogang\Desktop\usb30_uvc\prj\src\usb30_device_controller\usb3_protocol.v":445)
WARN  (EX1998) : Net 'ep8_buf_in_nump[4]' does not have a driver("C:\Users\haogang\Desktop\usb30_uvc\prj\src\usb30_device_controller\usb3_protocol.v":446)
WARN  (EX1998) : Net 'ep9_buf_in_nump[4]' does not have a driver("C:\Users\haogang\Desktop\usb30_uvc\prj\src\usb30_device_controller\usb3_protocol.v":447)
WARN  (EX1998) : Net 'ep10_buf_in_nump[4]' does not have a driver("C:\Users\haogang\Desktop\usb30_uvc\prj\src\usb30_device_controller\usb3_protocol.v":448)
WARN  (EX1998) : Net 'ep11_buf_in_nump[4]' does not have a driver("C:\Users\haogang\Desktop\usb30_uvc\prj\src\usb30_device_controller\usb3_protocol.v":449)
WARN  (EX1998) : Net 'ep12_buf_in_nump[4]' does not have a driver("C:\Users\haogang\Desktop\usb30_uvc\prj\src\usb30_device_controller\usb3_protocol.v":450)
WARN  (EX1998) : Net 'ep13_buf_in_nump[4]' does not have a driver("C:\Users\haogang\Desktop\usb30_uvc\prj\src\usb30_device_controller\usb3_protocol.v":451)
WARN  (EX1998) : Net 'ep14_buf_in_nump[4]' does not have a driver("C:\Users\haogang\Desktop\usb30_uvc\prj\src\usb30_device_controller\usb3_protocol.v":452)
WARN  (EX1998) : Net 'ep15_buf_in_nump[4]' does not have a driver("C:\Users\haogang\Desktop\usb30_uvc\prj\src\usb30_device_controller\usb3_protocol.v":453)
WARN  (EX1998) : Net 'ep3_buf_out_nump[4]' does not have a driver("C:\Users\haogang\Desktop\usb30_uvc\prj\src\usb30_device_controller\usb3_protocol.v":457)
WARN  (EX1998) : Net 'ep4_buf_out_nump[4]' does not have a driver("C:\Users\haogang\Desktop\usb30_uvc\prj\src\usb30_device_controller\usb3_protocol.v":458)
WARN  (EX1998) : Net 'ep5_buf_out_nump[4]' does not have a driver("C:\Users\haogang\Desktop\usb30_uvc\prj\src\usb30_device_controller\usb3_protocol.v":459)
WARN  (EX1998) : Net 'ep6_buf_out_nump[4]' does not have a driver("C:\Users\haogang\Desktop\usb30_uvc\prj\src\usb30_device_controller\usb3_protocol.v":460)
WARN  (EX1998) : Net 'ep7_buf_out_nump[4]' does not have a driver("C:\Users\haogang\Desktop\usb30_uvc\prj\src\usb30_device_controller\usb3_protocol.v":461)
WARN  (EX1998) : Net 'ep8_buf_out_nump[4]' does not have a driver("C:\Users\haogang\Desktop\usb30_uvc\prj\src\usb30_device_controller\usb3_protocol.v":462)
WARN  (EX1998) : Net 'ep9_buf_out_nump[4]' does not have a driver("C:\Users\haogang\Desktop\usb30_uvc\prj\src\usb30_device_controller\usb3_protocol.v":463)
WARN  (EX1998) : Net 'ep10_buf_out_nump[4]' does not have a driver("C:\Users\haogang\Desktop\usb30_uvc\prj\src\usb30_device_controller\usb3_protocol.v":464)
WARN  (EX1998) : Net 'ep11_buf_out_nump[4]' does not have a driver("C:\Users\haogang\Desktop\usb30_uvc\prj\src\usb30_device_controller\usb3_protocol.v":465)
WARN  (EX1998) : Net 'ep12_buf_out_nump[4]' does not have a driver("C:\Users\haogang\Desktop\usb30_uvc\prj\src\usb30_device_controller\usb3_protocol.v":466)
WARN  (EX1998) : Net 'ep13_buf_out_nump[4]' does not have a driver("C:\Users\haogang\Desktop\usb30_uvc\prj\src\usb30_device_controller\usb3_protocol.v":467)
WARN  (EX1998) : Net 'ep14_buf_out_nump[4]' does not have a driver("C:\Users\haogang\Desktop\usb30_uvc\prj\src\usb30_device_controller\usb3_protocol.v":468)
WARN  (EX1998) : Net 'ep15_buf_out_nump[4]' does not have a driver("C:\Users\haogang\Desktop\usb30_uvc\prj\src\usb30_device_controller\usb3_protocol.v":469)
WARN  (EX1998) : Net 'ep3_buf_out_eob' does not have a driver("C:\Users\haogang\Desktop\usb30_uvc\prj\src\usb30_device_controller\usb3_protocol.v":474)
WARN  (EX1998) : Net 'ep4_buf_out_eob' does not have a driver("C:\Users\haogang\Desktop\usb30_uvc\prj\src\usb30_device_controller\usb3_protocol.v":475)
WARN  (EX1998) : Net 'ep5_buf_out_eob' does not have a driver("C:\Users\haogang\Desktop\usb30_uvc\prj\src\usb30_device_controller\usb3_protocol.v":476)
WARN  (EX1998) : Net 'ep6_buf_out_eob' does not have a driver("C:\Users\haogang\Desktop\usb30_uvc\prj\src\usb30_device_controller\usb3_protocol.v":477)
WARN  (EX1998) : Net 'ep7_buf_out_eob' does not have a driver("C:\Users\haogang\Desktop\usb30_uvc\prj\src\usb30_device_controller\usb3_protocol.v":478)
WARN  (EX1998) : Net 'ep8_buf_out_eob' does not have a driver("C:\Users\haogang\Desktop\usb30_uvc\prj\src\usb30_device_controller\usb3_protocol.v":479)
WARN  (EX1998) : Net 'ep9_buf_out_eob' does not have a driver("C:\Users\haogang\Desktop\usb30_uvc\prj\src\usb30_device_controller\usb3_protocol.v":480)
WARN  (EX1998) : Net 'ep10_buf_out_eob' does not have a driver("C:\Users\haogang\Desktop\usb30_uvc\prj\src\usb30_device_controller\usb3_protocol.v":481)
WARN  (EX1998) : Net 'ep11_buf_out_eob' does not have a driver("C:\Users\haogang\Desktop\usb30_uvc\prj\src\usb30_device_controller\usb3_protocol.v":482)
WARN  (EX1998) : Net 'ep12_buf_out_eob' does not have a driver("C:\Users\haogang\Desktop\usb30_uvc\prj\src\usb30_device_controller\usb3_protocol.v":483)
WARN  (EX1998) : Net 'ep13_buf_out_eob' does not have a driver("C:\Users\haogang\Desktop\usb30_uvc\prj\src\usb30_device_controller\usb3_protocol.v":484)
WARN  (EX1998) : Net 'ep14_buf_out_eob' does not have a driver("C:\Users\haogang\Desktop\usb30_uvc\prj\src\usb30_device_controller\usb3_protocol.v":485)
WARN  (EX1998) : Net 'ep15_buf_out_eob' does not have a driver("C:\Users\haogang\Desktop\usb30_uvc\prj\src\usb30_device_controller\usb3_protocol.v":486)
WARN  (EX1998) : Net 'ep1_buf_in_ready' does not have a driver("C:\Users\haogang\Desktop\usb30_uvc\prj\src\usb30_device_controller\usb3_protocol.v":622)
WARN  (EX1998) : Net 'ep2_buf_in_ready' does not have a driver("C:\Users\haogang\Desktop\usb30_uvc\prj\src\usb30_device_controller\usb3_protocol.v":640)
WARN  (EX1998) : Net 'ep3_buf_out_q[31]' does not have a driver("C:\Users\haogang\Desktop\usb30_uvc\prj\src\usb30_device_controller\usb3_protocol.v":645)
WARN  (EX1998) : Net 'ep3_buf_out_len[10]' does not have a driver("C:\Users\haogang\Desktop\usb30_uvc\prj\src\usb30_device_controller\usb3_protocol.v":646)
WARN  (EX1998) : Net 'ep3_buf_out_has_data' does not have a driver("C:\Users\haogang\Desktop\usb30_uvc\prj\src\usb30_device_controller\usb3_protocol.v":647)
WARN  (EX1998) : Net 'ep3_buf_in_ready' does not have a driver("C:\Users\haogang\Desktop\usb30_uvc\prj\src\usb30_device_controller\usb3_protocol.v":657)
WARN  (EX1998) : Net 'ep4_buf_out_q[31]' does not have a driver("C:\Users\haogang\Desktop\usb30_uvc\prj\src\usb30_device_controller\usb3_protocol.v":661)
WARN  (EX1998) : Net 'ep4_buf_out_len[10]' does not have a driver("C:\Users\haogang\Desktop\usb30_uvc\prj\src\usb30_device_controller\usb3_protocol.v":662)
WARN  (EX1998) : Net 'ep4_buf_out_has_data' does not have a driver("C:\Users\haogang\Desktop\usb30_uvc\prj\src\usb30_device_controller\usb3_protocol.v":663)
WARN  (EX1998) : Net 'ep4_buf_in_ready' does not have a driver("C:\Users\haogang\Desktop\usb30_uvc\prj\src\usb30_device_controller\usb3_protocol.v":673)
WARN  (EX1998) : Net 'ep5_buf_out_q[31]' does not have a driver("C:\Users\haogang\Desktop\usb30_uvc\prj\src\usb30_device_controller\usb3_protocol.v":677)
WARN  (EX1998) : Net 'ep5_buf_out_len[10]' does not have a driver("C:\Users\haogang\Desktop\usb30_uvc\prj\src\usb30_device_controller\usb3_protocol.v":678)
WARN  (EX1998) : Net 'ep5_buf_out_has_data' does not have a driver("C:\Users\haogang\Desktop\usb30_uvc\prj\src\usb30_device_controller\usb3_protocol.v":679)
WARN  (EX1998) : Net 'ep5_buf_in_ready' does not have a driver("C:\Users\haogang\Desktop\usb30_uvc\prj\src\usb30_device_controller\usb3_protocol.v":689)
WARN  (EX1998) : Net 'ep6_buf_out_q[31]' does not have a driver("C:\Users\haogang\Desktop\usb30_uvc\prj\src\usb30_device_controller\usb3_protocol.v":693)
WARN  (EX1998) : Net 'ep6_buf_out_len[10]' does not have a driver("C:\Users\haogang\Desktop\usb30_uvc\prj\src\usb30_device_controller\usb3_protocol.v":694)
WARN  (EX1998) : Net 'ep6_buf_out_has_data' does not have a driver("C:\Users\haogang\Desktop\usb30_uvc\prj\src\usb30_device_controller\usb3_protocol.v":695)
WARN  (EX1998) : Net 'ep6_buf_in_ready' does not have a driver("C:\Users\haogang\Desktop\usb30_uvc\prj\src\usb30_device_controller\usb3_protocol.v":705)
WARN  (EX1998) : Net 'ep7_buf_out_q[31]' does not have a driver("C:\Users\haogang\Desktop\usb30_uvc\prj\src\usb30_device_controller\usb3_protocol.v":709)
WARN  (EX1998) : Net 'ep7_buf_out_len[10]' does not have a driver("C:\Users\haogang\Desktop\usb30_uvc\prj\src\usb30_device_controller\usb3_protocol.v":710)
WARN  (EX1998) : Net 'ep7_buf_out_has_data' does not have a driver("C:\Users\haogang\Desktop\usb30_uvc\prj\src\usb30_device_controller\usb3_protocol.v":711)
WARN  (EX1998) : Net 'ep7_buf_in_ready' does not have a driver("C:\Users\haogang\Desktop\usb30_uvc\prj\src\usb30_device_controller\usb3_protocol.v":721)
WARN  (EX1998) : Net 'ep8_buf_out_q[31]' does not have a driver("C:\Users\haogang\Desktop\usb30_uvc\prj\src\usb30_device_controller\usb3_protocol.v":725)
WARN  (EX1998) : Net 'ep8_buf_out_len[10]' does not have a driver("C:\Users\haogang\Desktop\usb30_uvc\prj\src\usb30_device_controller\usb3_protocol.v":726)
WARN  (EX1998) : Net 'ep8_buf_out_has_data' does not have a driver("C:\Users\haogang\Desktop\usb30_uvc\prj\src\usb30_device_controller\usb3_protocol.v":727)
WARN  (EX1998) : Net 'ep8_buf_in_ready' does not have a driver("C:\Users\haogang\Desktop\usb30_uvc\prj\src\usb30_device_controller\usb3_protocol.v":737)
WARN  (EX1998) : Net 'ep9_buf_out_q[31]' does not have a driver("C:\Users\haogang\Desktop\usb30_uvc\prj\src\usb30_device_controller\usb3_protocol.v":741)
WARN  (EX1998) : Net 'ep9_buf_out_len[10]' does not have a driver("C:\Users\haogang\Desktop\usb30_uvc\prj\src\usb30_device_controller\usb3_protocol.v":742)
WARN  (EX1998) : Net 'ep9_buf_out_has_data' does not have a driver("C:\Users\haogang\Desktop\usb30_uvc\prj\src\usb30_device_controller\usb3_protocol.v":743)
WARN  (EX1998) : Net 'ep9_buf_in_ready' does not have a driver("C:\Users\haogang\Desktop\usb30_uvc\prj\src\usb30_device_controller\usb3_protocol.v":753)
WARN  (EX1998) : Net 'ep10_buf_out_q[31]' does not have a driver("C:\Users\haogang\Desktop\usb30_uvc\prj\src\usb30_device_controller\usb3_protocol.v":757)
WARN  (EX1998) : Net 'ep10_buf_out_len[10]' does not have a driver("C:\Users\haogang\Desktop\usb30_uvc\prj\src\usb30_device_controller\usb3_protocol.v":758)
WARN  (EX1998) : Net 'ep10_buf_out_has_data' does not have a driver("C:\Users\haogang\Desktop\usb30_uvc\prj\src\usb30_device_controller\usb3_protocol.v":759)
WARN  (EX1998) : Net 'ep10_buf_in_ready' does not have a driver("C:\Users\haogang\Desktop\usb30_uvc\prj\src\usb30_device_controller\usb3_protocol.v":769)
WARN  (EX1998) : Net 'ep11_buf_out_q[31]' does not have a driver("C:\Users\haogang\Desktop\usb30_uvc\prj\src\usb30_device_controller\usb3_protocol.v":773)
WARN  (EX1998) : Net 'ep11_buf_out_len[10]' does not have a driver("C:\Users\haogang\Desktop\usb30_uvc\prj\src\usb30_device_controller\usb3_protocol.v":774)
WARN  (EX1998) : Net 'ep11_buf_out_has_data' does not have a driver("C:\Users\haogang\Desktop\usb30_uvc\prj\src\usb30_device_controller\usb3_protocol.v":775)
WARN  (EX1998) : Net 'ep11_buf_in_ready' does not have a driver("C:\Users\haogang\Desktop\usb30_uvc\prj\src\usb30_device_controller\usb3_protocol.v":785)
WARN  (EX1998) : Net 'ep12_buf_out_q[31]' does not have a driver("C:\Users\haogang\Desktop\usb30_uvc\prj\src\usb30_device_controller\usb3_protocol.v":790)
WARN  (EX1998) : Net 'ep12_buf_out_len[10]' does not have a driver("C:\Users\haogang\Desktop\usb30_uvc\prj\src\usb30_device_controller\usb3_protocol.v":791)
WARN  (EX1998) : Net 'ep12_buf_out_has_data' does not have a driver("C:\Users\haogang\Desktop\usb30_uvc\prj\src\usb30_device_controller\usb3_protocol.v":792)
WARN  (EX1998) : Net 'ep12_buf_in_ready' does not have a driver("C:\Users\haogang\Desktop\usb30_uvc\prj\src\usb30_device_controller\usb3_protocol.v":802)
WARN  (EX1998) : Net 'ep13_buf_out_q[31]' does not have a driver("C:\Users\haogang\Desktop\usb30_uvc\prj\src\usb30_device_controller\usb3_protocol.v":806)
WARN  (EX1998) : Net 'ep13_buf_out_len[10]' does not have a driver("C:\Users\haogang\Desktop\usb30_uvc\prj\src\usb30_device_controller\usb3_protocol.v":807)
WARN  (EX1998) : Net 'ep13_buf_out_has_data' does not have a driver("C:\Users\haogang\Desktop\usb30_uvc\prj\src\usb30_device_controller\usb3_protocol.v":808)
WARN  (EX1998) : Net 'ep13_buf_in_ready' does not have a driver("C:\Users\haogang\Desktop\usb30_uvc\prj\src\usb30_device_controller\usb3_protocol.v":818)
WARN  (EX1998) : Net 'ep14_buf_out_q[31]' does not have a driver("C:\Users\haogang\Desktop\usb30_uvc\prj\src\usb30_device_controller\usb3_protocol.v":822)
WARN  (EX1998) : Net 'ep14_buf_out_len[10]' does not have a driver("C:\Users\haogang\Desktop\usb30_uvc\prj\src\usb30_device_controller\usb3_protocol.v":823)
WARN  (EX1998) : Net 'ep14_buf_out_has_data' does not have a driver("C:\Users\haogang\Desktop\usb30_uvc\prj\src\usb30_device_controller\usb3_protocol.v":824)
WARN  (EX1998) : Net 'ep14_buf_in_ready' does not have a driver("C:\Users\haogang\Desktop\usb30_uvc\prj\src\usb30_device_controller\usb3_protocol.v":834)
WARN  (EX1998) : Net 'ep15_buf_out_q[31]' does not have a driver("C:\Users\haogang\Desktop\usb30_uvc\prj\src\usb30_device_controller\usb3_protocol.v":838)
WARN  (EX1998) : Net 'ep15_buf_out_len[10]' does not have a driver("C:\Users\haogang\Desktop\usb30_uvc\prj\src\usb30_device_controller\usb3_protocol.v":839)
WARN  (EX1998) : Net 'ep15_buf_out_has_data' does not have a driver("C:\Users\haogang\Desktop\usb30_uvc\prj\src\usb30_device_controller\usb3_protocol.v":840)
WARN  (EX1998) : Net 'ep15_buf_in_ready' does not have a driver("C:\Users\haogang\Desktop\usb30_uvc\prj\src\usb30_device_controller\usb3_protocol.v":850)
WARN  (EX1998) : Net 'in_ep_max_mem[3][10]' does not have a driver("C:\Users\haogang\Desktop\usb30_uvc\prj\src\usb30_device_controller\usb3_protocol.v":959)
WARN  (EX1998) : Net 'out_ep_type_mem[1][1]' does not have a driver("C:\Users\haogang\Desktop\usb30_uvc\prj\src\usb30_device_controller\usb3_protocol.v":1094)
WARN  (EX1998) : Net 'in_ep_type_mem[3][1]' does not have a driver("C:\Users\haogang\Desktop\usb30_uvc\prj\src\usb30_device_controller\usb3_protocol.v":1144)
WARN  (EX2565) : Input 'buf_in_eob' on this instance is undriven. Assigning to 0, simulation mismatch possible. Please assign the input or remove the declaration("C:\Users\haogang\Desktop\usb30_uvc\prj\src\usb30_device_controller\usb3_protocol.v":2006)
Compiling module 'UserLayer_top(DRAM_NUM=2'b10)'("C:\Users\haogang\Desktop\usb30_uvc\prj\src\usb30_user_layer\UserLayer_top.v":3)
Compiling module 'Gowin_PLL'("C:\Users\haogang\Desktop\usb30_uvc\prj\src\gowin_pll\gowin_pll.v":10)
Compiling module 'ControlTransfer'("C:\Users\haogang\Desktop\usb30_uvc\prj\src\usb30_user_layer\ControlTransfer.v":4)
Extracting RAM for identifier 'mem'("C:\Users\haogang\Desktop\usb30_uvc\prj\src\usb30_user_layer\ControlTransfer.v":585)
WARN  (EX3858) : System task 'display' is ignored for synthesis("C:\Users\haogang\Desktop\usb30_uvc\prj\src\usb30_user_layer\ControlTransfer.v":974)
WARN  (EX3858) : System task 'display' is ignored for synthesis("C:\Users\haogang\Desktop\usb30_uvc\prj\src\usb30_user_layer\ControlTransfer.v":239)
WARN  (EX3858) : System task 'display' is ignored for synthesis("C:\Users\haogang\Desktop\usb30_uvc\prj\src\usb30_user_layer\ControlTransfer.v":244)
WARN  (EX3858) : System task 'display' is ignored for synthesis("C:\Users\haogang\Desktop\usb30_uvc\prj\src\usb30_user_layer\ControlTransfer.v":249)
WARN  (EX3858) : System task 'display' is ignored for synthesis("C:\Users\haogang\Desktop\usb30_uvc\prj\src\usb30_user_layer\ControlTransfer.v":255)
WARN  (EX3858) : System task 'display' is ignored for synthesis("C:\Users\haogang\Desktop\usb30_uvc\prj\src\usb30_user_layer\ControlTransfer.v":256)
WARN  (EX3858) : System task 'display' is ignored for synthesis("C:\Users\haogang\Desktop\usb30_uvc\prj\src\usb30_user_layer\ControlTransfer.v":261)
WARN  (EX3858) : System task 'display' is ignored for synthesis("C:\Users\haogang\Desktop\usb30_uvc\prj\src\usb30_user_layer\ControlTransfer.v":278)
WARN  (EX3858) : System task 'display' is ignored for synthesis("C:\Users\haogang\Desktop\usb30_uvc\prj\src\usb30_user_layer\ControlTransfer.v":285)
WARN  (EX3858) : System task 'display' is ignored for synthesis("C:\Users\haogang\Desktop\usb30_uvc\prj\src\usb30_user_layer\ControlTransfer.v":286)
WARN  (EX3858) : System task 'display' is ignored for synthesis("C:\Users\haogang\Desktop\usb30_uvc\prj\src\usb30_user_layer\ControlTransfer.v":287)
WARN  (EX3858) : System task 'display' is ignored for synthesis("C:\Users\haogang\Desktop\usb30_uvc\prj\src\usb30_user_layer\ControlTransfer.v":292)
WARN  (EX3858) : System task 'display' is ignored for synthesis("C:\Users\haogang\Desktop\usb30_uvc\prj\src\usb30_user_layer\ControlTransfer.v":298)
WARN  (EX3858) : System task 'display' is ignored for synthesis("C:\Users\haogang\Desktop\usb30_uvc\prj\src\usb30_user_layer\ControlTransfer.v":304)
WARN  (EX3858) : System task 'display' is ignored for synthesis("C:\Users\haogang\Desktop\usb30_uvc\prj\src\usb30_user_layer\ControlTransfer.v":368)
WARN  (EX3858) : System task 'display' is ignored for synthesis("C:\Users\haogang\Desktop\usb30_uvc\prj\src\usb30_user_layer\ControlTransfer.v":376)
WARN  (EX3858) : System task 'display' is ignored for synthesis("C:\Users\haogang\Desktop\usb30_uvc\prj\src\usb30_user_layer\ControlTransfer.v":434)
WARN  (EX3791) : Expression size 16 truncated to fit in target size 11("C:\Users\haogang\Desktop\usb30_uvc\prj\src\usb30_user_layer\ControlTransfer.v":536)
WARN  (EX3791) : Expression size 16 truncated to fit in target size 11("C:\Users\haogang\Desktop\usb30_uvc\prj\src\usb30_user_layer\ControlTransfer.v":540)
WARN  (EX3791) : Expression size 12 truncated to fit in target size 11("C:\Users\haogang\Desktop\usb30_uvc\prj\src\usb30_user_layer\ControlTransfer.v":543)
WARN  (EX3791) : Expression size 11 truncated to fit in target size 10("C:\Users\haogang\Desktop\usb30_uvc\prj\src\usb30_user_layer\ControlTransfer.v":580)
WARN  (EX3791) : Expression size 5 truncated to fit in target size 4("C:\Users\haogang\Desktop\usb30_uvc\prj\src\usb30_user_layer\ControlTransfer.v":603)
WARN  (EX2428) : Cannot index into scalar type parameter/localparam 'SELF_POWERED'("C:\Users\haogang\Desktop\usb30_uvc\prj\src\usb30_user_layer\ControlTransfer.v":621)
WARN  (EX3791) : Expression size 32 truncated to fit in target size 16("C:\Users\haogang\Desktop\usb30_uvc\prj\src\usb30_user_layer\ControlTransfer.v":764)
WARN  (EX3791) : Expression size 12 truncated to fit in target size 11("C:\Users\haogang\Desktop\usb30_uvc\prj\src\usb30_user_layer\ControlTransfer.v":859)
WARN  (EX3791) : Expression size 11 truncated to fit in target size 10("C:\Users\haogang\Desktop\usb30_uvc\prj\src\usb30_user_layer\ControlTransfer.v":889)
Compiling module 'DataTransfer'("C:\Users\haogang\Desktop\usb30_uvc\prj\src\usb30_user_layer\DataTransfer.v":2)
WARN  (EX3791) : Expression size 9 truncated to fit in target size 8("C:\Users\haogang\Desktop\usb30_uvc\prj\src\usb30_user_layer\DataTransfer.v":96)
WARN  (EX3791) : Expression size 9 truncated to fit in target size 8("C:\Users\haogang\Desktop\usb30_uvc\prj\src\usb30_user_layer\DataTransfer.v":116)
WARN  (EX3791) : Expression size 25 truncated to fit in target size 24("C:\Users\haogang\Desktop\usb30_uvc\prj\src\usb30_user_layer\DataTransfer.v":284)
WARN  (EX3791) : Expression size 17 truncated to fit in target size 16("C:\Users\haogang\Desktop\usb30_uvc\prj\src\usb30_user_layer\DataTransfer.v":334)
Compiling module 'payload_fifo'("C:\Users\haogang\Desktop\usb30_uvc\prj\src\payload_fifo\payload_fifo.v":1193)
Compiling module '**'("C:\Users\haogang\Desktop\usb30_uvc\prj\src\payload_fifo\payload_fifo.v":1192)
WARN  (EX3791) : Expression size 32 truncated to fit in target size 11("C:\Users\haogang\Desktop\usb30_uvc\prj\src\usb30_user_layer\DataTransfer.v":504)
WARN  (EX3791) : Expression size 12 truncated to fit in target size 11("C:\Users\haogang\Desktop\usb30_uvc\prj\src\usb30_user_layer\DataTransfer.v":518)
Compiling module 'yuv_data_fifo'("C:\Users\haogang\Desktop\usb30_uvc\prj\src\yuv_data_fifo\yuv_data_fifo.v":2177)
Compiling module '**'("C:\Users\haogang\Desktop\usb30_uvc\prj\src\yuv_data_fifo\yuv_data_fifo.v":2176)
Compiling module 'ddr3_controller'("C:\Users\haogang\Desktop\usb30_uvc\prj\src\usb30_user_layer\ddr3_controller.v":3)
WARN  (EX3791) : Expression size 17 truncated to fit in target size 16("C:\Users\haogang\Desktop\usb30_uvc\prj\src\usb30_user_layer\ddr3_controller.v":154)
WARN  (EX3791) : Expression size 4 truncated to fit in target size 3("C:\Users\haogang\Desktop\usb30_uvc\prj\src\usb30_user_layer\ddr3_controller.v":177)
Compiling module 'ddr_wr_fifo'("C:\Users\haogang\Desktop\usb30_uvc\prj\src\ddr_wr_fifo\ddr_wr_fifo.v":798)
Compiling module '**'("C:\Users\haogang\Desktop\usb30_uvc\prj\src\ddr_wr_fifo\ddr_wr_fifo.v":797)
WARN  (EX3791) : Expression size 25 truncated to fit in target size 24("C:\Users\haogang\Desktop\usb30_uvc\prj\src\usb30_user_layer\ddr3_controller.v":273)
WARN  (EX3791) : Expression size 3 truncated to fit in target size 2("C:\Users\haogang\Desktop\usb30_uvc\prj\src\usb30_user_layer\ddr3_controller.v":279)
WARN  (EX3791) : Expression size 25 truncated to fit in target size 24("C:\Users\haogang\Desktop\usb30_uvc\prj\src\usb30_user_layer\ddr3_controller.v":291)
WARN  (EX3791) : Expression size 3 truncated to fit in target size 2("C:\Users\haogang\Desktop\usb30_uvc\prj\src\usb30_user_layer\ddr3_controller.v":296)
WARN  (EX3791) : Expression size 17 truncated to fit in target size 16("C:\Users\haogang\Desktop\usb30_uvc\prj\src\usb30_user_layer\ddr3_controller.v":342)
WARN  (EX3791) : Expression size 17 truncated to fit in target size 16("C:\Users\haogang\Desktop\usb30_uvc\prj\src\usb30_user_layer\ddr3_controller.v":352)
WARN  (EX3791) : Expression size 17 truncated to fit in target size 16("C:\Users\haogang\Desktop\usb30_uvc\prj\src\usb30_user_layer\ddr3_controller.v":368)
WARN  (EX3791) : Expression size 17 truncated to fit in target size 16("C:\Users\haogang\Desktop\usb30_uvc\prj\src\usb30_user_layer\ddr3_controller.v":403)
Compiling module 'ddr_rd_fifo'("C:\Users\haogang\Desktop\usb30_uvc\prj\src\ddr_rd_fifo\ddr_rd_fifo.v":798)
Compiling module '**'("C:\Users\haogang\Desktop\usb30_uvc\prj\src\ddr_rd_fifo\ddr_rd_fifo.v":797)
WARN  (EX3791) : Expression size 17 truncated to fit in target size 16("C:\Users\haogang\Desktop\usb30_uvc\prj\src\usb30_user_layer\ddr3_controller.v":438)
WARN  (EX3791) : Expression size 4 truncated to fit in target size 3("C:\Users\haogang\Desktop\usb30_uvc\prj\src\usb30_user_layer\ddr3_controller.v":453)
Compiling module 'cam_fifo'("C:\Users\haogang\Desktop\usb30_uvc\prj\src\cam_fifo\cam_fifo.v":1001)
Compiling module '**'("C:\Users\haogang\Desktop\usb30_uvc\prj\src\cam_fifo\cam_fifo.v":1000)
Compiling module 'PixelGen'("C:\Users\haogang\Desktop\usb30_uvc\prj\src\usb30_user_layer\PixelGen.v":2)
WARN  (EX3791) : Expression size 17 truncated to fit in target size 16("C:\Users\haogang\Desktop\usb30_uvc\prj\src\usb30_user_layer\PixelGen.v":62)
WARN  (EX3791) : Expression size 17 truncated to fit in target size 16("C:\Users\haogang\Desktop\usb30_uvc\prj\src\usb30_user_layer\PixelGen.v":65)
WARN  (EX3791) : Expression size 17 truncated to fit in target size 16("C:\Users\haogang\Desktop\usb30_uvc\prj\src\usb30_user_layer\PixelGen.v":99)
WARN  (EX3791) : Expression size 17 truncated to fit in target size 16("C:\Users\haogang\Desktop\usb30_uvc\prj\src\usb30_user_layer\PixelGen.v":120)
Compiling module 'DDR3_Memory_Interface_Top'("C:\Users\haogang\Desktop\usb30_uvc\prj\src\ddr3_memory_interface\ddr3_memory_interface.v":31136)
Compiling module '**'("C:\Users\haogang\Desktop\usb30_uvc\prj\src\ddr3_memory_interface\ddr3_memory_interface.v":31135)
WARN  (EX3791) : Expression size 17 truncated to fit in target size 16("C:\Users\haogang\Desktop\usb30_uvc\prj\src\top.v":1187)
WARN  (EX2565) : Input 'ep1_in_buf_eob_i' on this instance is undriven. Assigning to 0, simulation mismatch possible. Please assign the input or remove the declaration("C:\Users\haogang\Desktop\usb30_uvc\prj\src\top.v":802)
NOTE  (EX0101) : Current top module is "top"
WARN  (EX0211) : The output port "err_setup_pkt" of module "usb3_ep0" has no driver, assigning undriven bits to Z, simulation mismatch possible("C:\Users\haogang\Desktop\usb30_uvc\prj\src\usb30_device_controller\usb3_ep0.v":32)
[5%] Running netlist conversion ...
Running device independent optimization ...
[10%] Optimizing Phase 0 completed
[15%] Optimizing Phase 1 completed
[25%] Optimizing Phase 2 completed
Running inference ...
[30%] Inferring Phase 0 completed
[40%] Inferring Phase 1 completed
[50%] Inferring Phase 2 completed
[55%] Inferring Phase 3 completed
Running technical mapping ...
[60%] Tech-Mapping Phase 0 completed
[65%] Tech-Mapping Phase 1 completed
[75%] Tech-Mapping Phase 2 completed
[80%] Tech-Mapping Phase 3 completed
[90%] Tech-Mapping Phase 4 completed
WARN  (NL0002) : The module "usb3_crc_cw" instantiated to "iu3ccw1" is swept in optimizing("C:\Users\haogang\Desktop\usb30_uvc\prj\src\usb30_device_controller\usb3_link.v":2507)
WARN  (NL0002) : The module "usb3_crc_cw" instantiated to "iu3ccw2" is swept in optimizing("C:\Users\haogang\Desktop\usb30_uvc\prj\src\usb30_device_controller\usb3_link.v":2517)
WARN  (NL0002) : The module "usb3_crc_cw" instantiated to "iu3ccw3" is swept in optimizing("C:\Users\haogang\Desktop\usb30_uvc\prj\src\usb30_device_controller\usb3_link.v":2149)
WARN  (NL0002) : The module "usb3_crc_cw" instantiated to "iu3ccw4" is swept in optimizing("C:\Users\haogang\Desktop\usb30_uvc\prj\src\usb30_device_controller\usb3_link.v":1712)
WARN  (NL0002) : The module "usb3_crc_cw" instantiated to "iu3ccw5" is swept in optimizing("C:\Users\haogang\Desktop\usb30_uvc\prj\src\usb30_device_controller\usb3_link.v":1702)
WARN  (NL0002) : The module "usb3_crc_dpp16" instantiated to "iu3cdprx16" is swept in optimizing("C:\Users\haogang\Desktop\usb30_uvc\prj\src\usb30_device_controller\usb3_link.v":2189)
WARN  (NL0002) : The module "usb3_crc_dpp24" instantiated to "iu3cdprx24" is swept in optimizing("C:\Users\haogang\Desktop\usb30_uvc\prj\src\usb30_device_controller\usb3_link.v":2176)
WARN  (NL0002) : The module "usb3_crc_dpp8" instantiated to "iu3cdprx8" is swept in optimizing("C:\Users\haogang\Desktop\usb30_uvc\prj\src\usb30_device_controller\usb3_link.v":2202)
WARN  (NL0002) : The module "usb3_crc_dpp16" instantiated to "iu3cdptx16" is swept in optimizing("C:\Users\haogang\Desktop\usb30_uvc\prj\src\usb30_device_controller\usb3_link.v":1767)
WARN  (NL0002) : The module "usb3_crc_dpp24" instantiated to "iu3cdptx24" is swept in optimizing("C:\Users\haogang\Desktop\usb30_uvc\prj\src\usb30_device_controller\usb3_link.v":1755)
WARN  (NL0002) : The module "usb3_crc_dpp8" instantiated to "iu3cdptx8" is swept in optimizing("C:\Users\haogang\Desktop\usb30_uvc\prj\src\usb30_device_controller\usb3_link.v":1779)
WARN  (NL0002) : The module "usb3_ep" instantiated to "usb3_ep1_IN" is swept in optimizing("C:\Users\haogang\Desktop\usb30_uvc\prj\src\usb30_device_controller\usb3_protocol.v":2006)
[95%] Generate netlist file "C:\Users\haogang\Desktop\usb30_uvc\prj\impl\gwsynthesis\prj.vg" completed
[100%] Generate report file "C:\Users\haogang\Desktop\usb30_uvc\prj\impl\gwsynthesis\prj_syn.rpt.html" completed
GowinSynthesis finish
