GowinSynthesis start
Running parser ...
Analyzing Verilog file 'D:\Gowin\Gowin_V1.9.10_x64\IDE\ipcore\SERDES_IP\IPlib\USB30PHY\data\usb3_0_phy_top.v'
Analyzing included file 'D:\Gowin\Gowin_V1.9.10_x64\IDE\ipcore\SERDES_IP\IPlib\USB30PHY\data\static_macro_define.v'("D:\Gowin\Gowin_V1.9.10_x64\IDE\ipcore\SERDES_IP\IPlib\USB30PHY\data\usb3_0_phy_top.v":2)
Back to file 'D:\Gowin\Gowin_V1.9.10_x64\IDE\ipcore\SERDES_IP\IPlib\USB30PHY\data\usb3_0_phy_top.v'("D:\Gowin\Gowin_V1.9.10_x64\IDE\ipcore\SERDES_IP\IPlib\USB30PHY\data\usb3_0_phy_top.v":2)
Analyzing included file 'usb3_0_phy_name.v'("D:\Gowin\Gowin_V1.9.10_x64\IDE\ipcore\SERDES_IP\IPlib\USB30PHY\data\usb3_0_phy_top.v":3)
Back to file 'D:\Gowin\Gowin_V1.9.10_x64\IDE\ipcore\SERDES_IP\IPlib\USB30PHY\data\usb3_0_phy_top.v'("D:\Gowin\Gowin_V1.9.10_x64\IDE\ipcore\SERDES_IP\IPlib\USB30PHY\data\usb3_0_phy_top.v":3)
Analyzing included file 'usb3_0_phy_top_define.vh'("D:\Gowin\Gowin_V1.9.10_x64\IDE\ipcore\SERDES_IP\IPlib\USB30PHY\data\usb3_0_phy_top.v":4)
Back to file 'D:\Gowin\Gowin_V1.9.10_x64\IDE\ipcore\SERDES_IP\IPlib\USB30PHY\data\usb3_0_phy_top.v'("D:\Gowin\Gowin_V1.9.10_x64\IDE\ipcore\SERDES_IP\IPlib\USB30PHY\data\usb3_0_phy_top.v":4)
Analyzing Verilog file 'D:\Gowin\Gowin_V1.9.10_x64\IDE\ipcore\SERDES_IP\IPlib\USB30PHY\data\usb3_0_phy.v'
Analyzing included file 'D:\Gowin\Gowin_V1.9.10_x64\IDE\ipcore\SERDES_IP\IPlib\USB30PHY\data\static_macro_define.v'("D:\Gowin\Gowin_V1.9.10_x64\IDE\ipcore\SERDES_IP\IPlib\USB30PHY\data\usb3_0_phy.v":1410)
Back to file 'D:\Gowin\Gowin_V1.9.10_x64\IDE\ipcore\SERDES_IP\IPlib\USB30PHY\data\usb3_0_phy.v'("D:\Gowin\Gowin_V1.9.10_x64\IDE\ipcore\SERDES_IP\IPlib\USB30PHY\data\usb3_0_phy.v":1410)
Analyzing included file 'usb3_0_phy_name.v'("D:\Gowin\Gowin_V1.9.10_x64\IDE\ipcore\SERDES_IP\IPlib\USB30PHY\data\usb3_0_phy.v":1410)
Back to file 'D:\Gowin\Gowin_V1.9.10_x64\IDE\ipcore\SERDES_IP\IPlib\USB30PHY\data\usb3_0_phy.v'("D:\Gowin\Gowin_V1.9.10_x64\IDE\ipcore\SERDES_IP\IPlib\USB30PHY\data\usb3_0_phy.v":1410)
Analyzing included file 'usb3_0_phy_top_define.vh'("D:\Gowin\Gowin_V1.9.10_x64\IDE\ipcore\SERDES_IP\IPlib\USB30PHY\data\usb3_0_phy.v":1410)
Back to file 'D:\Gowin\Gowin_V1.9.10_x64\IDE\ipcore\SERDES_IP\IPlib\USB30PHY\data\usb3_0_phy.v'("D:\Gowin\Gowin_V1.9.10_x64\IDE\ipcore\SERDES_IP\IPlib\USB30PHY\data\usb3_0_phy.v":1410)
Undeclared symbol 'TxDeemph', assumed default net type 'wire'("D:\Gowin\Gowin_V1.9.10_x64\IDE\ipcore\SERDES_IP\IPlib\USB30PHY\data\usb3_0_phy.v":1410)
Undeclared symbol 'TxMargin', assumed default net type 'wire'("D:\Gowin\Gowin_V1.9.10_x64\IDE\ipcore\SERDES_IP\IPlib\USB30PHY\data\usb3_0_phy.v":1410)
Undeclared symbol 'TxSwing', assumed default net type 'wire'("D:\Gowin\Gowin_V1.9.10_x64\IDE\ipcore\SERDES_IP\IPlib\USB30PHY\data\usb3_0_phy.v":1410)
Undeclared symbol 'Rate', assumed default net type 'wire'("D:\Gowin\Gowin_V1.9.10_x64\IDE\ipcore\SERDES_IP\IPlib\USB30PHY\data\usb3_0_phy.v":1410)
Compiling module 'USB3_0_PHY_Top'("D:\Gowin\Gowin_V1.9.10_x64\IDE\ipcore\SERDES_IP\IPlib\USB30PHY\data\usb3_0_phy_top.v":9)
WARN  (EX3073) : Port '**' remains unconnected for this instance("D:\Gowin\Gowin_V1.9.10_x64\IDE\ipcore\SERDES_IP\IPlib\USB30PHY\data\usb3_0_phy.v":1410)
Compiling module '**'("D:\Gowin\Gowin_V1.9.10_x64\IDE\ipcore\SERDES_IP\IPlib\USB30PHY\data\usb3_0_phy.v":1410)
WARN  (EX3791) : Expression size ** truncated to fit in target size **("D:\Gowin\Gowin_V1.9.10_x64\IDE\ipcore\SERDES_IP\IPlib\USB30PHY\data\usb3_0_phy.v":1410)
WARN  (EX3670) : Actual bit length ** differs from formal bit length *** for port '**'("D:\Gowin\Gowin_V1.9.10_x64\IDE\ipcore\SERDES_IP\IPlib\USB30PHY\data\usb3_0_phy.v":1410)
WARN  (EX1998) : Net '**' does not have a driver("D:\Gowin\Gowin_V1.9.10_x64\IDE\ipcore\SERDES_IP\IPlib\USB30PHY\data\usb3_0_phy.v":1410)
WARN  (EX2565) : Input '**' on this instance is undriven. Assigning to 0, simulation mismatch possible. Please assign the input or remove the declaration("D:\Gowin\Gowin_V1.9.10_x64\IDE\ipcore\SERDES_IP\IPlib\USB30PHY\data\usb3_0_phy.v":1410)
NOTE  (EX0101) : Current top module is "USB3_0_PHY_Top"
WARN  (EX0211) : The output port "pclk_o" of module "~usb_pipe_interface.USB3_0_PHY_Top" has no driver, assigning undriven bits to Z, simulation mismatch possible("D:\Gowin\Gowin_V1.9.10_x64\IDE\ipcore\SERDES_IP\IPlib\USB30PHY\data\usb3_0_phy.v":1410)
WARN  (EX0211) : The output port "ahb_rstn_o" of module "~upar_csr.USB3_0_PHY_Top" has no driver, assigning undriven bits to Z, simulation mismatch possible("D:\Gowin\Gowin_V1.9.10_x64\IDE\ipcore\SERDES_IP\IPlib\USB30PHY\data\usb3_0_phy.v":1410)
WARN  (EX0211) : The output port "test_dec_en_o" of module "~upar_csr.USB3_0_PHY_Top" has no driver, assigning undriven bits to Z, simulation mismatch possible("D:\Gowin\Gowin_V1.9.10_x64\IDE\ipcore\SERDES_IP\IPlib\USB30PHY\data\usb3_0_phy.v":1410)
[5%] Running netlist conversion ...
WARN  (CV0016) : Input ElasticityBufferMode is unused("D:\Gowin\Gowin_V1.9.10_x64\IDE\ipcore\SERDES_IP\IPlib\USB30PHY\data\usb3_0_phy_top.v":33)
WARN  (CV0016) : Input serdes_upar_resp_i is unused("D:\Gowin\Gowin_V1.9.10_x64\IDE\ipcore\SERDES_IP\IPlib\USB30PHY\data\usb3_0_phy_top.v":44)
WARN  (CV0016) : Input serdes_tx_fifo_wrusewd_i is unused("D:\Gowin\Gowin_V1.9.10_x64\IDE\ipcore\SERDES_IP\IPlib\USB30PHY\data\usb3_0_phy_top.v":59)
WARN  (CV0016) : Input serdes_pcs_rx_clk_i is unused("D:\Gowin\Gowin_V1.9.10_x64\IDE\ipcore\SERDES_IP\IPlib\USB30PHY\data\usb3_0_phy_top.v":61)
WARN  (CV0016) : Input serdes_pma_rx_lock_i is unused("D:\Gowin\Gowin_V1.9.10_x64\IDE\ipcore\SERDES_IP\IPlib\USB30PHY\data\usb3_0_phy_top.v":63)
WARN  (CV0016) : Input serdes_rx_fifo_rdusewd_i is unused("D:\Gowin\Gowin_V1.9.10_x64\IDE\ipcore\SERDES_IP\IPlib\USB30PHY\data\usb3_0_phy_top.v":67)
WARN  (CV0020) : Input serdes_rxdata_i[87:40] is unused("D:\Gowin\Gowin_V1.9.10_x64\IDE\ipcore\SERDES_IP\IPlib\USB30PHY\data\usb3_0_phy_top.v":68)
WARN  (CV0016) : Input serdes_rxelecidle_i is unused("D:\Gowin\Gowin_V1.9.10_x64\IDE\ipcore\SERDES_IP\IPlib\USB30PHY\data\usb3_0_phy_top.v":70)
WARN  (CV0020) : Input serdes_astat_i[4:0] is unused("D:\Gowin\Gowin_V1.9.10_x64\IDE\ipcore\SERDES_IP\IPlib\USB30PHY\data\usb3_0_phy_top.v":71)
Running device independent optimization ...
[10%] Optimizing Phase 0 completed
[15%] Optimizing Phase 1 completed
[25%] Optimizing Phase 2 completed
Running inference ...
[30%] Inferring Phase 0 completed
[40%] Inferring Phase 1 completed
[50%] Inferring Phase 2 completed
[55%] Inferring Phase 3 completed
Running technical mapping ...
[60%] Tech-Mapping Phase 0 completed
[65%] Tech-Mapping Phase 1 completed
[75%] Tech-Mapping Phase 2 completed
[80%] Tech-Mapping Phase 3 completed
[90%] Tech-Mapping Phase 4 completed
[95%] Generate netlist file "C:\Users\haogang\Desktop\usb30_uvc_bulk_max_bandwidth_ddr\prj\src\serdes\usb3_0_phy\temp\USB3_0_PHY\usb3_0_phy.vg" completed
Generate template file "C:\Users\haogang\Desktop\usb30_uvc_bulk_max_bandwidth_ddr\prj\src\serdes\usb3_0_phy\temp\USB3_0_PHY\usb3_0_phy_tmp.v" completed
[100%] Generate report file "C:\Users\haogang\Desktop\usb30_uvc_bulk_max_bandwidth_ddr\prj\src\serdes\usb3_0_phy\temp\USB3_0_PHY\usb3_0_phy_syn.rpt.html" completed
GowinSynthesis finish
